  OSTM.cpp
e:\00_2018_itcarlow\00_modules\06_project\documents\git_sync\windows\dev_app\OSTM.h(120): warning C4251: 'OSTM::mutex': class 'std::mutex' needs to have dll-interface to be used by clients of class 'OSTM'
  C:\Program Files (x86)\Microsoft Visual Studio\2017\Community\VC\Tools\MSVC\14.10.25017\include\mutex(79): note: see declaration of 'std::mutex'
  TM.cpp
e:\00_2018_itcarlow\00_modules\06_project\documents\git_sync\windows\dev_app\OSTM.h(120): warning C4251: 'OSTM::mutex': class 'std::mutex' needs to have dll-interface to be used by clients of class 'OSTM'
  C:\Program Files (x86)\Microsoft Visual Studio\2017\Community\VC\Tools\MSVC\14.10.25017\include\mutex(79): note: see declaration of 'std::mutex'
e:\00_2018_itcarlow\00_modules\06_project\documents\git_sync\windows\dev_app\TX.h(90): warning C4251: 'TX::working_Map_collection': class 'std::map<int,std::shared_ptr<OSTM>,std::less<int>,std::allocator<std::pair<const _Kty,_Ty>>>' needs to have dll-interface to be used by clients of class 'TX'
          with
          [
              _Kty=int,
              _Ty=std::shared_ptr<OSTM>
          ]
  e:\00_2018_itcarlow\00_modules\06_project\documents\git_sync\windows\dev_app\TX.h(90): note: see declaration of 'std::map<int,std::shared_ptr<OSTM>,std::less<int>,std::allocator<std::pair<const _Kty,_Ty>>>'
          with
          [
              _Kty=int,
              _Ty=std::shared_ptr<OSTM>
          ]
e:\00_2018_itcarlow\00_modules\06_project\documents\git_sync\windows\dev_app\TX.h(96): warning C4251: 'TX::transaction_Number': class 'std::thread::id' needs to have dll-interface to be used by clients of class 'TX'
  C:\Program Files (x86)\Microsoft Visual Studio\2017\Community\VC\Tools\MSVC\14.10.25017\include\thread(149): note: see declaration of 'std::thread::id'
e:\00_2018_itcarlow\00_modules\06_project\documents\git_sync\windows\dev_app\TX.h(106): warning C4251: 'TX::main_Process_Map_collection': class 'std::map<int,std::shared_ptr<OSTM>,std::less<int>,std::allocator<std::pair<const _Kty,_Ty>>>' needs to have dll-interface to be used by clients of class 'TX'
          with
          [
              _Kty=int,
              _Ty=std::shared_ptr<OSTM>
          ]
  e:\00_2018_itcarlow\00_modules\06_project\documents\git_sync\windows\dev_app\TX.h(90): note: see declaration of 'std::map<int,std::shared_ptr<OSTM>,std::less<int>,std::allocator<std::pair<const _Kty,_Ty>>>'
          with
          [
              _Kty=int,
              _Ty=std::shared_ptr<OSTM>
          ]
e:\00_2018_itcarlow\00_modules\06_project\documents\git_sync\windows\dev_app\TX.h(111): warning C4251: 'TX::process_map_collection': class 'std::map<int,std::map<int,int,std::less<int>,std::allocator<std::pair<const _Kty,_Ty>>>,std::less<_Ty>,std::allocator<std::pair<const _Kty,std::map<_Kty,_Ty,std::less<_Ty>,std::allocator<std::pair<const _Kty,_Ty>>>>>>' needs to have dll-interface to be used by clients of class 'TX'
          with
          [
              _Kty=int,
              _Ty=int
          ]
  e:\00_2018_itcarlow\00_modules\06_project\documents\git_sync\windows\dev_app\TX.h(111): note: see declaration of 'std::map<int,std::map<int,int,std::less<int>,std::allocator<std::pair<const _Kty,_Ty>>>,std::less<_Ty>,std::allocator<std::pair<const _Kty,std::map<_Kty,_Ty,std::less<_Ty>,std::allocator<std::pair<const _Kty,_Ty>>>>>>'
          with
          [
              _Kty=int,
              _Ty=int
          ]
e:\00_2018_itcarlow\00_modules\06_project\documents\git_sync\windows\dev_app\TX.h(120): warning C4251: 'TX::register_Lock': class 'std::mutex' needs to have dll-interface to be used by clients of class 'TX'
  C:\Program Files (x86)\Microsoft Visual Studio\2017\Community\VC\Tools\MSVC\14.10.25017\include\mutex(79): note: see declaration of 'std::mutex'
e:\00_2018_itcarlow\00_modules\06_project\documents\git_sync\windows\dev_app\TM.h(77): warning C4251: 'TM::txMap': class 'std::map<std::thread::id,std::shared_ptr<TX>,std::less<_Kty>,std::allocator<std::pair<const _Kty,_Ty>>>' needs to have dll-interface to be used by clients of class 'TM'
          with
          [
              _Kty=std::thread::id,
              _Ty=std::shared_ptr<TX>
          ]
  e:\00_2018_itcarlow\00_modules\06_project\documents\git_sync\windows\dev_app\TM.h(77): note: see declaration of 'std::map<std::thread::id,std::shared_ptr<TX>,std::less<_Kty>,std::allocator<std::pair<const _Kty,_Ty>>>'
          with
          [
              _Kty=std::thread::id,
              _Ty=std::shared_ptr<TX>
          ]
e:\00_2018_itcarlow\00_modules\06_project\documents\git_sync\windows\dev_app\TM.h(82): warning C4251: 'TM::process_map_collection': class 'std::map<int,std::map<std::thread::id,int,std::less<_Kty>,std::allocator<std::pair<const _Kty,_Ty>>>,std::less<_Ty>,std::allocator<std::pair<const int,std::map<_Kty,_Ty,std::less<_Kty>,std::allocator<std::pair<const _Kty,_Ty>>>>>>' needs to have dll-interface to be used by clients of class 'TM'
          with
          [
              _Kty=std::thread::id,
              _Ty=int
          ]
  e:\00_2018_itcarlow\00_modules\06_project\documents\git_sync\windows\dev_app\TM.h(82): note: see declaration of 'std::map<int,std::map<std::thread::id,int,std::less<_Kty>,std::allocator<std::pair<const _Kty,_Ty>>>,std::less<_Ty>,std::allocator<std::pair<const int,std::map<_Kty,_Ty,std::less<_Kty>,std::allocator<std::pair<const _Kty,_Ty>>>>>>'
          with
          [
              _Kty=std::thread::id,
              _Ty=int
          ]
e:\00_2018_itcarlow\00_modules\06_project\documents\git_sync\windows\dev_app\TM.h(94): warning C4251: 'TM::register_Lock': class 'std::mutex' needs to have dll-interface to be used by clients of class 'TM'
  C:\Program Files (x86)\Microsoft Visual Studio\2017\Community\VC\Tools\MSVC\14.10.25017\include\mutex(79): note: see declaration of 'std::mutex'
e:\00_2018_itcarlow\00_modules\06_project\documents\git_sync\windows\dev_app\TM.h(98): warning C4251: 'TM::get_Lock': class 'std::mutex' needs to have dll-interface to be used by clients of class 'TM'
  C:\Program Files (x86)\Microsoft Visual Studio\2017\Community\VC\Tools\MSVC\14.10.25017\include\mutex(79): note: see declaration of 'std::mutex'
  TX.cpp
e:\00_2018_itcarlow\00_modules\06_project\documents\git_sync\windows\dev_app\OSTM.h(120): warning C4251: 'OSTM::mutex': class 'std::mutex' needs to have dll-interface to be used by clients of class 'OSTM'
  C:\Program Files (x86)\Microsoft Visual Studio\2017\Community\VC\Tools\MSVC\14.10.25017\include\mutex(79): note: see declaration of 'std::mutex'
e:\00_2018_itcarlow\00_modules\06_project\documents\git_sync\windows\dev_app\TX.h(90): warning C4251: 'TX::working_Map_collection': class 'std::map<int,std::shared_ptr<OSTM>,std::less<int>,std::allocator<std::pair<const _Kty,_Ty>>>' needs to have dll-interface to be used by clients of class 'TX'
          with
          [
              _Kty=int,
              _Ty=std::shared_ptr<OSTM>
          ]
  e:\00_2018_itcarlow\00_modules\06_project\documents\git_sync\windows\dev_app\TX.h(90): note: see declaration of 'std::map<int,std::shared_ptr<OSTM>,std::less<int>,std::allocator<std::pair<const _Kty,_Ty>>>'
          with
          [
              _Kty=int,
              _Ty=std::shared_ptr<OSTM>
          ]
e:\00_2018_itcarlow\00_modules\06_project\documents\git_sync\windows\dev_app\TX.h(96): warning C4251: 'TX::transaction_Number': class 'std::thread::id' needs to have dll-interface to be used by clients of class 'TX'
  C:\Program Files (x86)\Microsoft Visual Studio\2017\Community\VC\Tools\MSVC\14.10.25017\include\thread(149): note: see declaration of 'std::thread::id'
e:\00_2018_itcarlow\00_modules\06_project\documents\git_sync\windows\dev_app\TX.h(106): warning C4251: 'TX::main_Process_Map_collection': class 'std::map<int,std::shared_ptr<OSTM>,std::less<int>,std::allocator<std::pair<const _Kty,_Ty>>>' needs to have dll-interface to be used by clients of class 'TX'
          with
          [
              _Kty=int,
              _Ty=std::shared_ptr<OSTM>
          ]
  e:\00_2018_itcarlow\00_modules\06_project\documents\git_sync\windows\dev_app\TX.h(90): note: see declaration of 'std::map<int,std::shared_ptr<OSTM>,std::less<int>,std::allocator<std::pair<const _Kty,_Ty>>>'
          with
          [
              _Kty=int,
              _Ty=std::shared_ptr<OSTM>
          ]
e:\00_2018_itcarlow\00_modules\06_project\documents\git_sync\windows\dev_app\TX.h(111): warning C4251: 'TX::process_map_collection': class 'std::map<int,std::map<int,int,std::less<int>,std::allocator<std::pair<const _Kty,_Ty>>>,std::less<_Ty>,std::allocator<std::pair<const _Kty,std::map<_Kty,_Ty,std::less<_Ty>,std::allocator<std::pair<const _Kty,_Ty>>>>>>' needs to have dll-interface to be used by clients of class 'TX'
          with
          [
              _Kty=int,
              _Ty=int
          ]
  e:\00_2018_itcarlow\00_modules\06_project\documents\git_sync\windows\dev_app\TX.h(111): note: see declaration of 'std::map<int,std::map<int,int,std::less<int>,std::allocator<std::pair<const _Kty,_Ty>>>,std::less<_Ty>,std::allocator<std::pair<const _Kty,std::map<_Kty,_Ty,std::less<_Ty>,std::allocator<std::pair<const _Kty,_Ty>>>>>>'
          with
          [
              _Kty=int,
              _Ty=int
          ]
e:\00_2018_itcarlow\00_modules\06_project\documents\git_sync\windows\dev_app\TX.h(120): warning C4251: 'TX::register_Lock': class 'std::mutex' needs to have dll-interface to be used by clients of class 'TX'
  C:\Program Files (x86)\Microsoft Visual Studio\2017\Community\VC\Tools\MSVC\14.10.25017\include\mutex(79): note: see declaration of 'std::mutex'
     Creating library C:\Users\zolta\Documents\Visual Studio 2017\Projects\O_STMDLL\Release\O_STMDLL.lib and object C:\Users\zolta\Documents\Visual Studio 2017\Projects\O_STMDLL\Release\O_STMDLL.exp
  Generating code
  241 of 1108 functions (21.8%) were compiled, the rest were copied from previous compilation.
    21 functions were new in current compilation
    48 functions had inline decision re-evaluated but remain unchanged
  Finished generating code
  O_STMDLL.vcxproj -> C:\Users\zolta\Documents\Visual Studio 2017\Projects\O_STMDLL\Release\O_STMDLL.dll
