  AIB.cpp
  BANK.cpp
  BOA.cpp
  BOI.cpp
  CARLOW_W.cpp
  CARPHONE_WAREHOUSE.cpp
  DUNDALK_W.cpp
  KILKENNY_W.cpp
  main.cpp
..\..\..\..\WO_STM_SOURCE\main.cpp(384): warning C4244: 'argument': conversion from 'double' to 'int', possible loss of data
..\..\..\..\WO_STM_SOURCE\main.cpp(385): warning C4244: 'argument': conversion from 'double' to 'int', possible loss of data
..\..\..\..\WO_STM_SOURCE\main.cpp(387): warning C4244: 'argument': conversion from 'double' to 'int', possible loss of data
..\..\..\..\WO_STM_SOURCE\main.cpp(388): warning C4244: 'argument': conversion from 'double' to 'int', possible loss of data
..\..\..\..\WO_STM_SOURCE\main.cpp(390): warning C4244: 'argument': conversion from 'double' to 'int', possible loss of data
..\..\..\..\WO_STM_SOURCE\main.cpp(391): warning C4244: 'argument': conversion from 'double' to 'int', possible loss of data
..\..\..\..\WO_STM_SOURCE\main.cpp(393): warning C4244: 'argument': conversion from 'double' to 'int', possible loss of data
..\..\..\..\WO_STM_SOURCE\main.cpp(394): warning C4244: 'argument': conversion from 'double' to 'int', possible loss of data
..\..\..\..\WO_STM_SOURCE\main.cpp(447): warning C4244: 'argument': conversion from 'double' to 'int', possible loss of data
..\..\..\..\WO_STM_SOURCE\main.cpp(448): warning C4244: 'argument': conversion from 'double' to 'int', possible loss of data
..\..\..\..\WO_STM_SOURCE\main.cpp(450): warning C4244: 'argument': conversion from 'double' to 'int', possible loss of data
..\..\..\..\WO_STM_SOURCE\main.cpp(451): warning C4244: 'argument': conversion from 'double' to 'int', possible loss of data
..\..\..\..\WO_STM_SOURCE\main.cpp(453): warning C4244: 'argument': conversion from 'double' to 'int', possible loss of data
..\..\..\..\WO_STM_SOURCE\main.cpp(454): warning C4244: 'argument': conversion from 'double' to 'int', possible loss of data
..\..\..\..\WO_STM_SOURCE\main.cpp(456): warning C4244: 'argument': conversion from 'double' to 'int', possible loss of data
..\..\..\..\WO_STM_SOURCE\main.cpp(457): warning C4244: 'argument': conversion from 'double' to 'int', possible loss of data
..\..\..\..\WO_STM_SOURCE\main.cpp(480): warning C4244: 'argument': conversion from 'double' to 'int', possible loss of data
..\..\..\..\WO_STM_SOURCE\main.cpp(481): warning C4244: 'argument': conversion from 'double' to 'int', possible loss of data
..\..\..\..\WO_STM_SOURCE\main.cpp(483): warning C4244: 'argument': conversion from 'double' to 'int', possible loss of data
..\..\..\..\WO_STM_SOURCE\main.cpp(484): warning C4244: 'argument': conversion from 'double' to 'int', possible loss of data
..\..\..\..\WO_STM_SOURCE\main.cpp(486): warning C4244: 'argument': conversion from 'double' to 'int', possible loss of data
..\..\..\..\WO_STM_SOURCE\main.cpp(487): warning C4244: 'argument': conversion from 'double' to 'int', possible loss of data
..\..\..\..\WO_STM_SOURCE\main.cpp(489): warning C4244: 'argument': conversion from 'double' to 'int', possible loss of data
..\..\..\..\WO_STM_SOURCE\main.cpp(490): warning C4244: 'argument': conversion from 'double' to 'int', possible loss of data
..\..\..\..\WO_STM_SOURCE\main.cpp(557): warning C4244: 'argument': conversion from 'double' to 'int', possible loss of data
..\..\..\..\WO_STM_SOURCE\main.cpp(558): warning C4244: 'argument': conversion from 'double' to 'int', possible loss of data
..\..\..\..\WO_STM_SOURCE\main.cpp(559): warning C4244: 'argument': conversion from 'double' to 'int', possible loss of data
..\..\..\..\WO_STM_SOURCE\main.cpp(560): warning C4244: 'argument': conversion from 'double' to 'int', possible loss of data
..\..\..\..\WO_STM_SOURCE\main.cpp(562): warning C4244: 'argument': conversion from 'double' to 'int', possible loss of data
..\..\..\..\WO_STM_SOURCE\main.cpp(563): warning C4244: 'argument': conversion from 'double' to 'int', possible loss of data
..\..\..\..\WO_STM_SOURCE\main.cpp(564): warning C4244: 'argument': conversion from 'double' to 'int', possible loss of data
..\..\..\..\WO_STM_SOURCE\main.cpp(565): warning C4244: 'argument': conversion from 'double' to 'int', possible loss of data
..\..\..\..\WO_STM_SOURCE\main.cpp(567): warning C4244: 'argument': conversion from 'double' to 'int', possible loss of data
..\..\..\..\WO_STM_SOURCE\main.cpp(568): warning C4244: 'argument': conversion from 'double' to 'int', possible loss of data
..\..\..\..\WO_STM_SOURCE\main.cpp(569): warning C4244: 'argument': conversion from 'double' to 'int', possible loss of data
..\..\..\..\WO_STM_SOURCE\main.cpp(570): warning C4244: 'argument': conversion from 'double' to 'int', possible loss of data
..\..\..\..\WO_STM_SOURCE\main.cpp(572): warning C4244: 'argument': conversion from 'double' to 'int', possible loss of data
..\..\..\..\WO_STM_SOURCE\main.cpp(573): warning C4244: 'argument': conversion from 'double' to 'int', possible loss of data
..\..\..\..\WO_STM_SOURCE\main.cpp(574): warning C4244: 'argument': conversion from 'double' to 'int', possible loss of data
..\..\..\..\WO_STM_SOURCE\main.cpp(575): warning C4244: 'argument': conversion from 'double' to 'int', possible loss of data
..\..\..\..\WO_STM_SOURCE\main.cpp(606): warning C4244: 'argument': conversion from 'double' to 'int', possible loss of data
..\..\..\..\WO_STM_SOURCE\main.cpp(607): warning C4244: 'argument': conversion from 'double' to 'int', possible loss of data
..\..\..\..\WO_STM_SOURCE\main.cpp(609): warning C4244: 'argument': conversion from 'double' to 'int', possible loss of data
..\..\..\..\WO_STM_SOURCE\main.cpp(610): warning C4244: 'argument': conversion from 'double' to 'int', possible loss of data
..\..\..\..\WO_STM_SOURCE\main.cpp(612): warning C4244: 'argument': conversion from 'double' to 'int', possible loss of data
..\..\..\..\WO_STM_SOURCE\main.cpp(613): warning C4244: 'argument': conversion from 'double' to 'int', possible loss of data
..\..\..\..\WO_STM_SOURCE\main.cpp(615): warning C4244: 'argument': conversion from 'double' to 'int', possible loss of data
..\..\..\..\WO_STM_SOURCE\main.cpp(616): warning C4244: 'argument': conversion from 'double' to 'int', possible loss of data
  SLIGO_W.cpp
  SWBPLC.cpp
  TALLAGH_W.cpp
  ULSTER.cpp
  UNBL.cpp
  WAREHOUSE.cpp
     Creating library c:\users\zolta\documents\visual studio 2017\Projects\APP_OSTM\x64\Release\APP_OSTM.lib and object c:\users\zolta\documents\visual studio 2017\Projects\APP_OSTM\x64\Release\APP_OSTM.exp
  Generating code
  All 892 functions were compiled because no usable IPDB/IOBJ from previous compilation was found.
  Finished generating code
  APP_OSTM.vcxproj -> c:\users\zolta\documents\visual studio 2017\Projects\APP_OSTM\x64\Release\APP_OSTM.exe
