c:\users\zolta\documents\visual studio 2017\projects\app_ostm\x64\release\app_ostm.lib
c:\users\zolta\documents\visual studio 2017\projects\app_ostm\x64\release\app_ostm.exp
c:\users\zolta\documents\visual studio 2017\projects\app_ostm\x64\release\app_ostm.ipdb
c:\users\zolta\documents\visual studio 2017\projects\app_ostm\x64\release\app_ostm.iobj
c:\users\zolta\documents\visual studio 2017\projects\app_ostm\app_ostm\x64\release\vc141.pdb
c:\users\zolta\documents\visual studio 2017\projects\app_ostm\app_ostm\x64\release\warehouse.obj
c:\users\zolta\documents\visual studio 2017\projects\app_ostm\app_ostm\x64\release\unbl.obj
c:\users\zolta\documents\visual studio 2017\projects\app_ostm\app_ostm\x64\release\ulster.obj
c:\users\zolta\documents\visual studio 2017\projects\app_ostm\app_ostm\x64\release\tallagh_w.obj
c:\users\zolta\documents\visual studio 2017\projects\app_ostm\app_ostm\x64\release\swbplc.obj
c:\users\zolta\documents\visual studio 2017\projects\app_ostm\app_ostm\x64\release\sligo_w.obj
c:\users\zolta\documents\visual studio 2017\projects\app_ostm\app_ostm\x64\release\main.obj
c:\users\zolta\documents\visual studio 2017\projects\app_ostm\app_ostm\x64\release\kilkenny_w.obj
c:\users\zolta\documents\visual studio 2017\projects\app_ostm\app_ostm\x64\release\dundalk_w.obj
c:\users\zolta\documents\visual studio 2017\projects\app_ostm\app_ostm\x64\release\carphone_warehouse.obj
c:\users\zolta\documents\visual studio 2017\projects\app_ostm\app_ostm\x64\release\carlow_w.obj
c:\users\zolta\documents\visual studio 2017\projects\app_ostm\app_ostm\x64\release\boi.obj
c:\users\zolta\documents\visual studio 2017\projects\app_ostm\app_ostm\x64\release\boa.obj
c:\users\zolta\documents\visual studio 2017\projects\app_ostm\app_ostm\x64\release\bank.obj
c:\users\zolta\documents\visual studio 2017\projects\app_ostm\app_ostm\x64\release\aib.obj
c:\users\zolta\documents\visual studio 2017\projects\app_ostm\x64\release\app_ostm.exe
c:\users\zolta\documents\visual studio 2017\projects\app_ostm\x64\release\app_ostm.pdb
c:\users\zolta\documents\visual studio 2017\projects\app_ostm\app_ostm\x64\release\app_ostm.tlog\app_ostm.write.1u.tlog
c:\users\zolta\documents\visual studio 2017\projects\app_ostm\app_ostm\x64\release\app_ostm.tlog\cl.command.1.tlog
c:\users\zolta\documents\visual studio 2017\projects\app_ostm\app_ostm\x64\release\app_ostm.tlog\cl.read.1.tlog
c:\users\zolta\documents\visual studio 2017\projects\app_ostm\app_ostm\x64\release\app_ostm.tlog\cl.write.1.tlog
c:\users\zolta\documents\visual studio 2017\projects\app_ostm\app_ostm\x64\release\app_ostm.tlog\link.command.1.tlog
c:\users\zolta\documents\visual studio 2017\projects\app_ostm\app_ostm\x64\release\app_ostm.tlog\link.read.1.tlog
c:\users\zolta\documents\visual studio 2017\projects\app_ostm\app_ostm\x64\release\app_ostm.tlog\link.write.1.tlog
