This is pdfTeX, Version 3.14159265-2.6-1.40.16 (TeX Live 2015/Debian) (preloaded format=pdflatex 2017.10.21)  7 MAR 2018 18:55
entering extended mode
 restricted \write18 enabled.
 %&-line parsing enabled.
**index.tex
(./index.tex
LaTeX2e <2016/02/01>
Babel <3.9q> and hyphenation patterns for 81 language(s) loaded.
! Undefined control sequence.
l.1 \hypertarget
                {index_OSTM}{}\section{Object Based Software Transactional M...
The control sequence at the end of the top line
of your error message was never \def'ed. If you have
misspelled it (e.g., `\hobx'), type `I' and the correct
spelling (e.g., `I\hbox'). Otherwise just continue,
and I'll forget about whatever was undefined.


! LaTeX Error: Missing \begin{document}.

See the LaTeX manual or LaTeX Companion for explanation.
Type  H <return>  for immediate help.
 ...                                              
                                                  
l.1 \hypertarget{i
                  ndex_OSTM}{}\section{Object Based Software Transactional M...

You're in trouble here.  Try typing  <return>  to proceed.
If that doesn't work, type  X <return>  to quit.

Missing character: There is no i in font nullfont!
Missing character: There is no n in font nullfont!
Missing character: There is no d in font nullfont!
Missing character: There is no e in font nullfont!
Missing character: There is no x in font nullfont!
! Missing $ inserted.
<inserted text> 
                $
l.1 \hypertarget{index_
                       OSTM}{}\section{Object Based Software Transactional M...
I've inserted a begin-math/end-math symbol since I think
you left one out. Proceed, with fingers crossed.

LaTeX Font Info:    External font `cmex10' loaded for size
(Font)              <7> on input line 1.
LaTeX Font Info:    External font `cmex10' loaded for size
(Font)              <5> on input line 1.
! Extra }, or forgotten $.
l.1 \hypertarget{index_OSTM}
                            {}\section{Object Based Software Transactional M...
I've deleted a group-closing symbol because it seems to be
spurious, as in `$x}$'. But perhaps the } is legitimate and
you forgot something else, as in `\hbox{$x}'. In such cases
the way to recover is to insert both the forgotten and the
deleted material, e.g., by typing `I$}'.

! Undefined control sequence.
l.1 \hypertarget{index_OSTM}{}\section
                                      {Object Based Software Transactional M...
The control sequence at the end of the top line
of your error message was never \def'ed. If you have
misspelled it (e.g., `\hobx'), type `I' and the correct
spelling (e.g., `I\hbox'). Otherwise just continue,
and I'll forget about whatever was undefined.

! Undefined control sequence.
l.2 \hyperlink
              {class_o_s_t_m}{O\+S\+TM} is a polymorphic solution to store a...
The control sequence at the end of the top line
of your error message was never \def'ed. If you have
misspelled it (e.g., `\hobx'), type `I' and the correct
spelling (e.g., `I\hbox'). Otherwise just continue,
and I'll forget about whatever was undefined.

! Double subscript.
l.2 \hyperlink{class_o_
                       s_t_m}{O\+S\+TM} is a polymorphic solution to store a...
I treat `x_1_2' essentially like `x_1{}_2'.

! Double subscript.
l.2 \hyperlink{class_o_s_
                         t_m}{O\+S\+TM} is a polymorphic solution to store a...
I treat `x_1_2' essentially like `x_1{}_2'.

! Double subscript.
l.2 \hyperlink{class_o_s_t_
                           m}{O\+S\+TM} is a polymorphic solution to store a...
I treat `x_1_2' essentially like `x_1{}_2'.

! Undefined control sequence.
l.2 \hyperlink{class_o_s_t_m}{O\+
                                 S\+TM} is a polymorphic solution to store a...
The control sequence at the end of the top line
of your error message was never \def'ed. If you have
misspelled it (e.g., `\hobx'), type `I' and the correct
spelling (e.g., `I\hbox'). Otherwise just continue,
and I'll forget about whatever was undefined.

! Undefined control sequence.
l.2 \hyperlink{class_o_s_t_m}{O\+S\+
                                    TM} is a polymorphic solution to store a...
The control sequence at the end of the top line
of your error message was never \def'ed. If you have
misspelled it (e.g., `\hobx'), type `I' and the correct
spelling (e.g., `I\hbox'). Otherwise just continue,
and I'll forget about whatever was undefined.

! Undefined control sequence.
l.3 ...red and protected memory space.\hypertarget
                                                  {index_install_sec}{}\subs...
The control sequence at the end of the top line
of your error message was never \def'ed. If you have
misspelled it (e.g., `\hobx'), type `I' and the correct
spelling (e.g., `I\hbox'). Otherwise just continue,
and I'll forget about whatever was undefined.

! Undefined control sequence.
l.3 ...hypertarget{index_install_sec}{}\subsection
                                                  {Brief. Download the zip f...
The control sequence at the end of the top line
of your error message was never \def'ed. If you have
misspelled it (e.g., `\hobx'), type `I' and the correct
spelling (e.g., `I\hbox'). Otherwise just continue,
and I'll forget about whatever was undefined.

! Undefined control sequence.
l.3 ...he web-\/site, that contains the libostm.\+
                                                  so, T\+M.\+h, T\+X.\+h, O\...
The control sequence at the end of the top line
of your error message was never \def'ed. If you have
misspelled it (e.g., `\hobx'), type `I' and the correct
spelling (e.g., `I\hbox'). Otherwise just continue,
and I'll forget about whatever was undefined.

! Undefined control sequence.
l.3 ...\/site, that contains the libostm.\+so, T\+
                                                  M.\+h, T\+X.\+h, O\+S\+T\+...
The control sequence at the end of the top line
of your error message was never \def'ed. If you have
misspelled it (e.g., `\hobx'), type `I' and the correct
spelling (e.g., `I\hbox'). Otherwise just continue,
and I'll forget about whatever was undefined.

! Undefined control sequence.
l.3 ...te, that contains the libostm.\+so, T\+M.\+
                                                  h, T\+X.\+h, O\+S\+T\+M.\+...
The control sequence at the end of the top line
of your error message was never \def'ed. If you have
misspelled it (e.g., `\hobx'), type `I' and the correct
spelling (e.g., `I\hbox'). Otherwise just continue,
and I'll forget about whatever was undefined.

! Undefined control sequence.
l.3 ...at contains the libostm.\+so, T\+M.\+h, T\+
                                                  X.\+h, O\+S\+T\+M.\+h file...
The control sequence at the end of the top line
of your error message was never \def'ed. If you have
misspelled it (e.g., `\hobx'), type `I' and the correct
spelling (e.g., `I\hbox'). Otherwise just continue,
and I'll forget about whatever was undefined.

! Undefined control sequence.
l.3 ...ontains the libostm.\+so, T\+M.\+h, T\+X.\+
                                                  h, O\+S\+T\+M.\+h files.}\...
The control sequence at the end of the top line
of your error message was never \def'ed. If you have
misspelled it (e.g., `\hobx'), type `I' and the correct
spelling (e.g., `I\hbox'). Otherwise just continue,
and I'll forget about whatever was undefined.

! Undefined control sequence.
l.3 ...s the libostm.\+so, T\+M.\+h, T\+X.\+h, O\+
                                                  S\+T\+M.\+h files.}\label{...
The control sequence at the end of the top line
of your error message was never \def'ed. If you have
misspelled it (e.g., `\hobx'), type `I' and the correct
spelling (e.g., `I\hbox'). Otherwise just continue,
and I'll forget about whatever was undefined.

! Undefined control sequence.
l.3 ...he libostm.\+so, T\+M.\+h, T\+X.\+h, O\+S\+
                                                  T\+M.\+h files.}\label{ind...
The control sequence at the end of the top line
of your error message was never \def'ed. If you have
misspelled it (e.g., `\hobx'), type `I' and the correct
spelling (e.g., `I\hbox'). Otherwise just continue,
and I'll forget about whatever was undefined.

! Undefined control sequence.
l.3 ...libostm.\+so, T\+M.\+h, T\+X.\+h, O\+S\+T\+
                                                  M.\+h files.}\label{index_...
The control sequence at the end of the top line
of your error message was never \def'ed. If you have
misspelled it (e.g., `\hobx'), type `I' and the correct
spelling (e.g., `I\hbox'). Otherwise just continue,
and I'll forget about whatever was undefined.

! Undefined control sequence.
l.3 ...stm.\+so, T\+M.\+h, T\+X.\+h, O\+S\+T\+M.\+
                                                  h files.}\label{index_inst...
The control sequence at the end of the top line
of your error message was never \def'ed. If you have
misspelled it (e.g., `\hobx'), type `I' and the correct
spelling (e.g., `I\hbox'). Otherwise just continue,
and I'll forget about whatever was undefined.

! Undefined control sequence.
l.4 ...where in you program is stored.\hypertarget
                                                  {index_step1}{}\subsection...
The control sequence at the end of the top line
of your error message was never \def'ed. If you have
misspelled it (e.g., `\hobx'), type `I' and the correct
spelling (e.g., `I\hbox'). Otherwise just continue,
and I'll forget about whatever was undefined.

! Undefined control sequence.
l.4 ...ored.\hypertarget{index_step1}{}\subsection
                                                  {Step 1\+: Download the ar...
The control sequence at the end of the top line
of your error message was never \def'ed. If you have
misspelled it (e.g., `\hobx'), type `I' and the correct
spelling (e.g., `I\hbox'). Otherwise just continue,
and I'll forget about whatever was undefined.

! Undefined control sequence.
l.4 ...ertarget{index_step1}{}\subsection{Step 1\+
                                                  : Download the archive fil...
The control sequence at the end of the top line
of your error message was never \def'ed. If you have
misspelled it (e.g., `\hobx'), type `I' and the correct
spelling (e.g., `I\hbox'). Otherwise just continue,
and I'll forget about whatever was undefined.

! Undefined control sequence.
l.5 \hypertarget
                {index_step2}{}\subsection{Step 2\+: Unzip in the target des...
The control sequence at the end of the top line
of your error message was never \def'ed. If you have
misspelled it (e.g., `\hobx'), type `I' and the correct
spelling (e.g., `I\hbox'). Otherwise just continue,
and I'll forget about whatever was undefined.

! Undefined control sequence.
l.5 \hypertarget{index_step2}{}\subsection
                                          {Step 2\+: Unzip in the target des...
The control sequence at the end of the top line
of your error message was never \def'ed. If you have
misspelled it (e.g., `\hobx'), type `I' and the correct
spelling (e.g., `I\hbox'). Otherwise just continue,
and I'll forget about whatever was undefined.

! Undefined control sequence.
l.5 ...ertarget{index_step2}{}\subsection{Step 2\+
                                                  : Unzip in the target dest...
The control sequence at the end of the top line
of your error message was never \def'ed. If you have
misspelled it (e.g., `\hobx'), type `I' and the correct
spelling (e.g., `I\hbox'). Otherwise just continue,
and I'll forget about whatever was undefined.

! Undefined control sequence.
l.6 \hypertarget
                {index_step3}{}\subsection{Step 3\+: Copy the shared library...
The control sequence at the end of the top line
of your error message was never \def'ed. If you have
misspelled it (e.g., `\hobx'), type `I' and the correct
spelling (e.g., `I\hbox'). Otherwise just continue,
and I'll forget about whatever was undefined.

! Undefined control sequence.
l.6 \hypertarget{index_step3}{}\subsection
                                          {Step 3\+: Copy the shared library...
The control sequence at the end of the top line
of your error message was never \def'ed. If you have
misspelled it (e.g., `\hobx'), type `I' and the correct
spelling (e.g., `I\hbox'). Otherwise just continue,
and I'll forget about whatever was undefined.

! Undefined control sequence.
l.6 ...ertarget{index_step3}{}\subsection{Step 3\+
                                                  : Copy the shared library ...
The control sequence at the end of the top line
of your error message was never \def'ed. If you have
misspelled it (e.g., `\hobx'), type `I' and the correct
spelling (e.g., `I\hbox'). Otherwise just continue,
and I'll forget about whatever was undefined.

! Undefined control sequence.
l.6 ...ep 3\+: Copy the shared library (libostm.\+
                                                  so) to the operating syste...
The control sequence at the end of the top line
of your error message was never \def'ed. If you have
misspelled it (e.g., `\hobx'), type `I' and the correct
spelling (e.g., `I\hbox'). Otherwise just continue,
and I'll forget about whatever was undefined.

! Undefined control sequence.
l.7 ...t platforms. (Linux, Windows, Mac OS) \href
                                                  {http://serversite.info/os...
The control sequence at the end of the top line
of your error message was never \def'ed. If you have
misspelled it (e.g., `\hobx'), type `I' and the correct
spelling (e.g., `I\hbox'). Otherwise just continue,
and I'll forget about whatever was undefined.

! You can't use `macro parameter character #' in math mode.
l.7 ...Mac OS) \href{http://serversite.info/ostm/#
                                                  tutorial}{\tt More Informa...
Sorry, but I'm not programmed to handle this case;
I'll just pretend that you didn't ask for it.
If you're in the wrong mode, you might be able to
return to the right one by typing `I}' or `I$' or `I\par'.

! Undefined control sequence.
l.7 ...{http://serversite.info/ostm/#tutorial}{\tt
                                                   More Information}\hyperta...
The control sequence at the end of the top line
of your error message was never \def'ed. If you have
misspelled it (e.g., `\hobx'), type `I' and the correct
spelling (e.g., `I\hbox'). Otherwise just continue,
and I'll forget about whatever was undefined.

! Undefined control sequence.
l.7 ...tutorial}{\tt More Information}\hypertarget
                                                  {index_step4}{}\subsection...
The control sequence at the end of the top line
of your error message was never \def'ed. If you have
misspelled it (e.g., `\hobx'), type `I' and the correct
spelling (e.g., `I\hbox'). Otherwise just continue,
and I'll forget about whatever was undefined.

! Undefined control sequence.
l.7 ...tion}\hypertarget{index_step4}{}\subsection
                                                  {Step 4\+: Achieve the req...
The control sequence at the end of the top line
of your error message was never \def'ed. If you have
misspelled it (e.g., `\hobx'), type `I' and the correct
spelling (e.g., `I\hbox'). Otherwise just continue,
and I'll forget about whatever was undefined.

! Undefined control sequence.
l.7 ...ertarget{index_step4}{}\subsection{Step 4\+
                                                  : Achieve the required cla...
The control sequence at the end of the top line
of your error message was never \def'ed. If you have
misspelled it (e.g., `\hobx'), type `I' and the correct
spelling (e.g., `I\hbox'). Otherwise just continue,
and I'll forget about whatever was undefined.

! Undefined control sequence.
l.7 ...he required class hierarchy between the O\+
                                                  S\+T\+M library and your o...
The control sequence at the end of the top line
of your error message was never \def'ed. If you have
misspelled it (e.g., `\hobx'), type `I' and the correct
spelling (e.g., `I\hbox'). Otherwise just continue,
and I'll forget about whatever was undefined.

! Undefined control sequence.
l.7 ...required class hierarchy between the O\+S\+
                                                  T\+M library and your own ...
The control sequence at the end of the top line
of your error message was never \def'ed. If you have
misspelled it (e.g., `\hobx'), type `I' and the correct
spelling (e.g., `I\hbox'). Otherwise just continue,
and I'll forget about whatever was undefined.

! Undefined control sequence.
l.7 ...uired class hierarchy between the O\+S\+T\+
                                                  M library and your own cla...
The control sequence at the end of the top line
of your error message was never \def'ed. If you have
misspelled it (e.g., `\hobx'), type `I' and the correct
spelling (e.g., `I\hbox'). Otherwise just continue,
and I'll forget about whatever was undefined.

! Undefined control sequence.
l.8 ...ents can be found on the web-\/site. www.\+
                                                  serversite.\+info/ostm\hyp...
The control sequence at the end of the top line
of your error message was never \def'ed. If you have
misspelled it (e.g., `\hobx'), type `I' and the correct
spelling (e.g., `I\hbox'). Otherwise just continue,
and I'll forget about whatever was undefined.

! Undefined control sequence.
l.8 ...ound on the web-\/site. www.\+serversite.\+
                                                  info/ostm\hypertarget{inde...
The control sequence at the end of the top line
of your error message was never \def'ed. If you have
misspelled it (e.g., `\hobx'), type `I' and the correct
spelling (e.g., `I\hbox'). Otherwise just continue,
and I'll forget about whatever was undefined.

! Undefined control sequence.
l.8 ...e. www.\+serversite.\+info/ostm\hypertarget
                                                  {index_step5}{}\subsection...
The control sequence at the end of the top line
of your error message was never \def'ed. If you have
misspelled it (e.g., `\hobx'), type `I' and the correct
spelling (e.g., `I\hbox'). Otherwise just continue,
and I'll forget about whatever was undefined.

! Undefined control sequence.
l.8 .../ostm\hypertarget{index_step5}{}\subsection
                                                  {Step 5\+: Create an execu...
The control sequence at the end of the top line
of your error message was never \def'ed. If you have
misspelled it (e.g., `\hobx'), type `I' and the correct
spelling (e.g., `I\hbox'). Otherwise just continue,
and I'll forget about whatever was undefined.

! Undefined control sequence.
l.8 ...ertarget{index_step5}{}\subsection{Step 5\+
                                                  : Create an executable fil...
The control sequence at the end of the top line
of your error message was never \def'ed. If you have
misspelled it (e.g., `\hobx'), type `I' and the correct
spelling (e.g., `I\hbox'). Otherwise just continue,
and I'll forget about whatever was undefined.

! Undefined control sequence.
l.8 ...utable file as you linking together the T\+
                                                  M.\+h, T\+X.\+h, O\+S\+T\+...
The control sequence at the end of the top line
of your error message was never \def'ed. If you have
misspelled it (e.g., `\hobx'), type `I' and the correct
spelling (e.g., `I\hbox'). Otherwise just continue,
and I'll forget about whatever was undefined.

! Undefined control sequence.
l.8 ...le file as you linking together the T\+M.\+
                                                  h, T\+X.\+h, O\+S\+T\+M.\+...
The control sequence at the end of the top line
of your error message was never \def'ed. If you have
misspelled it (e.g., `\hobx'), type `I' and the correct
spelling (e.g., `I\hbox'). Otherwise just continue,
and I'll forget about whatever was undefined.

! Undefined control sequence.
l.8 ...e as you linking together the T\+M.\+h, T\+
                                                  X.\+h, O\+S\+T\+M.\+h file...
The control sequence at the end of the top line
of your error message was never \def'ed. If you have
misspelled it (e.g., `\hobx'), type `I' and the correct
spelling (e.g., `I\hbox'). Otherwise just continue,
and I'll forget about whatever was undefined.

! Undefined control sequence.
l.8 ... you linking together the T\+M.\+h, T\+X.\+
                                                  h, O\+S\+T\+M.\+h files wi...
The control sequence at the end of the top line
of your error message was never \def'ed. If you have
misspelled it (e.g., `\hobx'), type `I' and the correct
spelling (e.g., `I\hbox'). Otherwise just continue,
and I'll forget about whatever was undefined.

! Undefined control sequence.
l.8 ...inking together the T\+M.\+h, T\+X.\+h, O\+
                                                  S\+T\+M.\+h files with you...
The control sequence at the end of the top line
of your error message was never \def'ed. If you have
misspelled it (e.g., `\hobx'), type `I' and the correct
spelling (e.g., `I\hbox'). Otherwise just continue,
and I'll forget about whatever was undefined.

! Undefined control sequence.
l.8 ...ing together the T\+M.\+h, T\+X.\+h, O\+S\+
                                                  T\+M.\+h files with your o...
The control sequence at the end of the top line
of your error message was never \def'ed. If you have
misspelled it (e.g., `\hobx'), type `I' and the correct
spelling (e.g., `I\hbox'). Otherwise just continue,
and I'll forget about whatever was undefined.

! Undefined control sequence.
l.8 ... together the T\+M.\+h, T\+X.\+h, O\+S\+T\+
                                                  M.\+h files with your own ...
The control sequence at the end of the top line
of your error message was never \def'ed. If you have
misspelled it (e.g., `\hobx'), type `I' and the correct
spelling (e.g., `I\hbox'). Otherwise just continue,
and I'll forget about whatever was undefined.

! Undefined control sequence.
l.8 ...ether the T\+M.\+h, T\+X.\+h, O\+S\+T\+M.\+
                                                  h files with your own file...
The control sequence at the end of the top line
of your error message was never \def'ed. If you have
misspelled it (e.g., `\hobx'), type `I' and the correct
spelling (e.g., `I\hbox'). Otherwise just continue,
and I'll forget about whatever was undefined.

! Undefined control sequence.
l.9 \hypertarget
                {index_step6}{}\subsection{Step 6\+: Now your application us...
The control sequence at the end of the top line
of your error message was never \def'ed. If you have
misspelled it (e.g., `\hobx'), type `I' and the correct
spelling (e.g., `I\hbox'). Otherwise just continue,
and I'll forget about whatever was undefined.

! Undefined control sequence.
l.9 \hypertarget{index_step6}{}\subsection
                                          {Step 6\+: Now your application us...
The control sequence at the end of the top line
of your error message was never \def'ed. If you have
misspelled it (e.g., `\hobx'), type `I' and the correct
spelling (e.g., `I\hbox'). Otherwise just continue,
and I'll forget about whatever was undefined.

! Undefined control sequence.
l.9 ...ertarget{index_step6}{}\subsection{Step 6\+
                                                  : Now your application use...
The control sequence at the end of the top line
of your error message was never \def'ed. If you have
misspelled it (e.g., `\hobx'), type `I' and the correct
spelling (e.g., `I\hbox'). Otherwise just continue,
and I'll forget about whatever was undefined.

! Undefined control sequence.
l.10 \hypertarget
                 {index_step7}{}\subsection{Step 7\+: Run the application.}\...
The control sequence at the end of the top line
of your error message was never \def'ed. If you have
misspelled it (e.g., `\hobx'), type `I' and the correct
spelling (e.g., `I\hbox'). Otherwise just continue,
and I'll forget about whatever was undefined.

! Undefined control sequence.
l.10 \hypertarget{index_step7}{}\subsection
                                           {Step 7\+: Run the application.}\...
The control sequence at the end of the top line
of your error message was never \def'ed. If you have
misspelled it (e.g., `\hobx'), type `I' and the correct
spelling (e.g., `I\hbox'). Otherwise just continue,
and I'll forget about whatever was undefined.

! Undefined control sequence.
l.10 ...rtarget{index_step7}{}\subsection{Step 7\+
                                                  : Run the application.}\la...
The control sequence at the end of the top line
of your error message was never \def'ed. If you have
misspelled it (e.g., `\hobx'), type `I' and the correct
spelling (e.g., `I\hbox'). Otherwise just continue,
and I'll forget about whatever was undefined.

! Undefined control sequence.
l.11 ...on for bank names used in the test cases\+
                                                  :~\newline
The control sequence at the end of the top line
of your error message was never \def'ed. If you have
misspelled it (e.g., `\hobx'), type `I' and the correct
spelling (e.g., `I\hbox'). Otherwise just continue,
and I'll forget about whatever was undefined.

! Undefined control sequence.
l.12  B\+
         OA -\/ Bank of America~\newline
The control sequence at the end of the top line
of your error message was never \def'ed. If you have
misspelled it (e.g., `\hobx'), type `I' and the correct
spelling (e.g., `I\hbox'). Otherwise just continue,
and I'll forget about whatever was undefined.

! Undefined control sequence.
l.13  U\+
         L\+S\+T\+ER -\/ Ulster Bank~\newline
The control sequence at the end of the top line
of your error message was never \def'ed. If you have
misspelled it (e.g., `\hobx'), type `I' and the correct
spelling (e.g., `I\hbox'). Otherwise just continue,
and I'll forget about whatever was undefined.

! Undefined control sequence.
l.13  U\+L\+
            S\+T\+ER -\/ Ulster Bank~\newline
The control sequence at the end of the top line
of your error message was never \def'ed. If you have
misspelled it (e.g., `\hobx'), type `I' and the correct
spelling (e.g., `I\hbox'). Otherwise just continue,
and I'll forget about whatever was undefined.

! Undefined control sequence.
l.13  U\+L\+S\+
               T\+ER -\/ Ulster Bank~\newline
The control sequence at the end of the top line
of your error message was never \def'ed. If you have
misspelled it (e.g., `\hobx'), type `I' and the correct
spelling (e.g., `I\hbox'). Otherwise just continue,
and I'll forget about whatever was undefined.

! Undefined control sequence.
l.13  U\+L\+S\+T\+
                  ER -\/ Ulster Bank~\newline
The control sequence at the end of the top line
of your error message was never \def'ed. If you have
misspelled it (e.g., `\hobx'), type `I' and the correct
spelling (e.g., `I\hbox'). Otherwise just continue,
and I'll forget about whatever was undefined.

! Undefined control sequence.
l.14  U\+
         N\+BL -\/ United National Bank Limited~\newline
The control sequence at the end of the top line
of your error message was never \def'ed. If you have
misspelled it (e.g., `\hobx'), type `I' and the correct
spelling (e.g., `I\hbox'). Otherwise just continue,
and I'll forget about whatever was undefined.

! Undefined control sequence.
l.14  U\+N\+
            BL -\/ United National Bank Limited~\newline
The control sequence at the end of the top line
of your error message was never \def'ed. If you have
misspelled it (e.g., `\hobx'), type `I' and the correct
spelling (e.g., `I\hbox'). Otherwise just continue,
and I'll forget about whatever was undefined.

! Undefined control sequence.
l.15  S\+
         W\+B\+P\+LC -\/ Scottish Windows Bank P\+LC~\newline
The control sequence at the end of the top line
of your error message was never \def'ed. If you have
misspelled it (e.g., `\hobx'), type `I' and the correct
spelling (e.g., `I\hbox'). Otherwise just continue,
and I'll forget about whatever was undefined.

! Undefined control sequence.
l.15  S\+W\+
            B\+P\+LC -\/ Scottish Windows Bank P\+LC~\newline
The control sequence at the end of the top line
of your error message was never \def'ed. If you have
misspelled it (e.g., `\hobx'), type `I' and the correct
spelling (e.g., `I\hbox'). Otherwise just continue,
and I'll forget about whatever was undefined.

! Undefined control sequence.
l.15  S\+W\+B\+
               P\+LC -\/ Scottish Windows Bank P\+LC~\newline
The control sequence at the end of the top line
of your error message was never \def'ed. If you have
misspelled it (e.g., `\hobx'), type `I' and the correct
spelling (e.g., `I\hbox'). Otherwise just continue,
and I'll forget about whatever was undefined.

! Undefined control sequence.
l.15  S\+W\+B\+P\+
                  LC -\/ Scottish Windows Bank P\+LC~\newline
The control sequence at the end of the top line
of your error message was never \def'ed. If you have
misspelled it (e.g., `\hobx'), type `I' and the correct
spelling (e.g., `I\hbox'). Otherwise just continue,
and I'll forget about whatever was undefined.

! Undefined control sequence.
l.15  S\+W\+B\+P\+LC -\/ Scottish Windows Bank P\+
                                                  LC~\newline
The control sequence at the end of the top line
of your error message was never \def'ed. If you have
misspelled it (e.g., `\hobx'), type `I' and the correct
spelling (e.g., `I\hbox'). Otherwise just continue,
and I'll forget about whatever was undefined.

! Undefined control sequence.
l.16  A\+
         IB -\/ Allied Irish Bank~\newline
The control sequence at the end of the top line
of your error message was never \def'ed. If you have
misspelled it (e.g., `\hobx'), type `I' and the correct
spelling (e.g., `I\hbox'). Otherwise just continue,
and I'll forget about whatever was undefined.

! Undefined control sequence.
l.17  B\+
         OI -\/ Bank of Ireland~\newline
The control sequence at the end of the top line
of your error message was never \def'ed. If you have
misspelled it (e.g., `\hobx'), type `I' and the correct
spelling (e.g., `I\hbox'). Otherwise just continue,
and I'll forget about whatever was undefined.

! Missing $ inserted.
<inserted text> 
                $
l.18 
     
I've inserted a begin-math/end-math symbol since I think
you left one out. Proceed, with fingers crossed.


Overfull \hbox (658.49037pt too wide) in paragraph at lines 1--18
[]$[]\OML/cmm/m/it/10 STM[][][][][]isapolymorphicsolutiontostoreandmanageshared
memoryspaceswithinc \OT1/cmr/m/n/10 +
 []


Overfull \hbox (105.33427pt too wide) in paragraph at lines 1--18
\OT1/cmr/m/n/10 +\OML/cmm/m/it/10 programmingcontext: [][] 
 []


Overfull \hbox (3830.10898pt too wide) in paragraph at lines 1--18
\OML/cmm/m/it/10 Youcanstoreandmanagedanykindofobjectintransactionalenvironment
asasharedandprotectedmemoryspace:[][][][]Unzipthearchivefiletothedesireddestina
tionpossiblywhereinyouprogramisstored:[][][][][][][][][][][][]Itwillbedifferent
destinationfolderondifferentplatforms:\OT1/cmr/m/n/10 (\OML/cmm/m/it/10 Linux; 
Windows; MacOS\OT1/cmr/m/n/10 )[][][][][][]\OML/cmm/m/it/10 Detailsandinstructi
onofclasshierarchyrequirementscanbefoundontheweb \OMS/cmsy/m/n/10 ^^@
 []


Overfull \hbox (1588.89485pt too wide) in paragraph at lines 1--18
 \OML/cmm/m/it/10 site:www:serversite:info=ostm[][][][][][][][][][][][]Abbrevia
tionforbanknamesusedinthetestcases \OT1/cmr/m/n/10 :  [][] 
 []


Overfull \hbox (31.27017pt too wide) in paragraph at lines 1--18
\OML/cmm/m/it/10 BOA \OMS/cmsy/m/n/10 ^^@
 []


Overfull \hbox (74.49974pt too wide) in paragraph at lines 1--18
 \OML/cmm/m/it/10 BankofAmerica [][] 
 []


Overfull \hbox (52.07083pt too wide) in paragraph at lines 1--18
\OML/cmm/m/it/10 ULSTER \OMS/cmsy/m/n/10 ^^@
 []


Overfull \hbox (53.73874pt too wide) in paragraph at lines 1--18
 \OML/cmm/m/it/10 UlsterBank [][] 
 []


Overfull \hbox (39.71318pt too wide) in paragraph at lines 1--18
\OML/cmm/m/it/10 UNBL \OMS/cmsy/m/n/10 ^^@
 []


Overfull \hbox (132.465pt too wide) in paragraph at lines 1--18
 \OML/cmm/m/it/10 UnitedNationalBankLimited [][] 
 []


Overfull \hbox (55.88336pt too wide) in paragraph at lines 1--18
\OML/cmm/m/it/10 SWBPLC \OMS/cmsy/m/n/10 ^^@
 []


Overfull \hbox (126.8212pt too wide) in paragraph at lines 1--18
 \OML/cmm/m/it/10 ScottishWindowsBankPLC [][] 
 []


Overfull \hbox (28.54517pt too wide) in paragraph at lines 1--18
\OML/cmm/m/it/10 AIB \OMS/cmsy/m/n/10 ^^@
 []


Overfull \hbox (75.92743pt too wide) in paragraph at lines 1--18
 \OML/cmm/m/it/10 AlliedIrishBank [][] 
 []


Overfull \hbox (28.9507pt too wide) in paragraph at lines 1--18
\OML/cmm/m/it/10 BOI \OMS/cmsy/m/n/10 ^^@
 []


Overfull \hbox (70.01523pt too wide) in paragraph at lines 1--18
 \OML/cmm/m/it/10 BankofIreland [][] 
 []

)
! Emergency stop.
<*> index.tex
             
*** (job aborted, no legal \end found)

 
Here is how much of TeX's memory you used:
 6 strings out of 493029
 149 string characters out of 6136233
 59064 words of memory out of 5000000
 3643 multiletter control sequences out of 15000+600000
 3640 words of font info for 14 fonts, out of 8000000 for 9000
 1141 hyphenation exceptions out of 8191
 18i,2n,12p,341b,58s stack positions out of 5000i,500n,10000p,200000b,80000s
!  ==> Fatal error occurred, no output PDF file produced!
