This is pdfTeX, Version 3.14159265-2.6-1.40.16 (TeX Live 2015/Debian) (preloaded format=pdflatex 2018.4.1)  14 APR 2018 20:53
entering extended mode
 restricted \write18 enabled.
 %&-line parsing enabled.
**"Final report.tex"
(./Final report.tex
LaTeX2e <2016/02/01>
Babel <3.9q> and hyphenation patterns for 81 language(s) loaded.
(/usr/share/texlive/texmf-dist/tex/latex/base/article.cls
Document Class: article 2014/09/29 v1.4h Standard LaTeX document class
(/usr/share/texlive/texmf-dist/tex/latex/base/size12.clo
File: size12.clo 2014/09/29 v1.4h Standard LaTeX file (size option)
)
\c@part=\count79
\c@section=\count80
\c@subsection=\count81
\c@subsubsection=\count82
\c@paragraph=\count83
\c@subparagraph=\count84
\c@figure=\count85
\c@table=\count86
\abovecaptionskip=\skip41
\belowcaptionskip=\skip42
\bibindent=\dimen102
)
(/usr/share/texlive/texmf-dist/tex/latex/float/float.sty
Package: float 2001/11/08 v1.3d Float enhancements (AL)
\c@float@type=\count87
\float@exts=\toks14
\float@box=\box26
\@float@everytoks=\toks15
\@floatcapt=\box27
)
(/usr/share/texlive/texmf-dist/tex/latex/caption/caption.sty
Package: caption 2016/02/21 v3.3-144 Customizing captions (AR)

(/usr/share/texlive/texmf-dist/tex/latex/caption/caption3.sty
Package: caption3 2016/02/04 v1.7-139 caption3 kernel (AR)
Package caption3 Info: TeX engine: e-TeX on input line 67.

(/usr/share/texlive/texmf-dist/tex/latex/graphics/keyval.sty
Package: keyval 2014/10/28 v1.15 key=value parser (DPC)
\KV@toks@=\toks16
)
\captionmargin=\dimen103
\captionmargin@=\dimen104
\captionwidth=\dimen105
\caption@tempdima=\dimen106
\caption@indent=\dimen107
\caption@parindent=\dimen108
\caption@hangindent=\dimen109
)
\c@ContinuedFloat=\count88
Package caption Info: float package is loaded.
)
(/usr/share/texlive/texmf-dist/tex/latex/psnfss/times.sty
Package: times 2005/04/12 PSNFSS-v9.2a (SPQR) 
)
(/usr/share/texlive/texmf-dist/tex/latex/natbib/natbib.sty
Package: natbib 2010/09/13 8.31b (PWD, AO)
\bibhang=\skip43
\bibsep=\skip44
LaTeX Info: Redefining \cite on input line 694.
\c@NAT@ctr=\count89
)
(/usr/share/texlive/texmf-dist/tex/latex/graphics/graphicx.sty
Package: graphicx 2014/10/28 v1.0g Enhanced LaTeX Graphics (DPC,SPQR)

(/usr/share/texlive/texmf-dist/tex/latex/graphics/graphics.sty
Package: graphics 2016/01/03 v1.0q Standard LaTeX Graphics (DPC,SPQR)

(/usr/share/texlive/texmf-dist/tex/latex/graphics/trig.sty
Package: trig 2016/01/03 v1.10 sin cos tan (DPC)
)
(/usr/share/texlive/texmf-dist/tex/latex/latexconfig/graphics.cfg
File: graphics.cfg 2010/04/23 v1.9 graphics configuration of TeX Live
)
Package graphics Info: Driver file: pdftex.def on input line 95.

(/usr/share/texlive/texmf-dist/tex/latex/pdftex-def/pdftex.def
File: pdftex.def 2011/05/27 v0.06d Graphics/color for pdfTeX

(/usr/share/texlive/texmf-dist/tex/generic/oberdiek/infwarerr.sty
Package: infwarerr 2010/04/08 v1.3 Providing info/warning/error messages (HO)
)
(/usr/share/texlive/texmf-dist/tex/generic/oberdiek/ltxcmds.sty
Package: ltxcmds 2011/11/09 v1.22 LaTeX kernel commands for general use (HO)
)
\Gread@gobject=\count90
))
\Gin@req@height=\dimen110
\Gin@req@width=\dimen111
)
(/usr/share/texlive/texmf-dist/tex/latex/placeins/placeins.sty
Package: placeins 2005/04/18  v 2.2
)
(/usr/share/texlive/texmf-dist/tex/latex/tools/indentfirst.sty
Package: indentfirst 1995/11/23 v1.03 Indent first paragraph (DPC)
)
(/usr/share/texlive/texmf-dist/tex/latex/fancyhdr/fancyhdr.sty
\fancy@headwidth=\skip45
\f@ncyO@elh=\skip46
\f@ncyO@erh=\skip47
\f@ncyO@olh=\skip48
\f@ncyO@orh=\skip49
\f@ncyO@elf=\skip50
\f@ncyO@erf=\skip51
\f@ncyO@olf=\skip52
\f@ncyO@orf=\skip53
)
(/usr/share/texlive/texmf-dist/tex/latex/xcolor/xcolor.sty
Package: xcolor 2007/01/21 v2.11 LaTeX color extensions (UK)

(/usr/share/texlive/texmf-dist/tex/latex/latexconfig/color.cfg
File: color.cfg 2007/01/18 v1.5 color configuration of teTeX/TeXLive
)
Package xcolor Info: Driver file: pdftex.def on input line 225.
Package xcolor Info: Model `cmy' substituted by `cmy0' on input line 1337.
Package xcolor Info: Model `hsb' substituted by `rgb' on input line 1341.
Package xcolor Info: Model `RGB' extended on input line 1353.
Package xcolor Info: Model `HTML' substituted by `rgb' on input line 1355.
Package xcolor Info: Model `Hsb' substituted by `hsb' on input line 1356.
Package xcolor Info: Model `tHsb' substituted by `hsb' on input line 1357.
Package xcolor Info: Model `HSB' substituted by `hsb' on input line 1358.
Package xcolor Info: Model `Gray' substituted by `gray' on input line 1359.
Package xcolor Info: Model `wave' substituted by `hsb' on input line 1360.
)
(/usr/share/texlive/texmf-dist/tex/latex/enumitem/enumitem.sty
Package: enumitem 2011/09/28 v3.5.2 Customized lists
\labelindent=\skip54
\enit@outerparindent=\dimen112
\enit@toks=\toks17
\enit@inbox=\box28
\enitdp@description=\count91
)
(/usr/share/texlive/texmf-dist/tex/latex/listings/listings.sty
\lst@mode=\count92
\lst@gtempboxa=\box29
\lst@token=\toks18
\lst@length=\count93
\lst@currlwidth=\dimen113
\lst@column=\count94
\lst@pos=\count95
\lst@lostspace=\dimen114
\lst@width=\dimen115
\lst@newlines=\count96
\lst@lineno=\count97
\lst@maxwidth=\dimen116

(/usr/share/texlive/texmf-dist/tex/latex/listings/lstmisc.sty
File: lstmisc.sty 2015/06/04 1.6 (Carsten Heinz)
\c@lstnumber=\count98
\lst@skipnumbers=\count99
\lst@framebox=\box30
)
(/usr/share/texlive/texmf-dist/tex/latex/listings/listings.cfg
File: listings.cfg 2015/06/04 1.6 listings configuration
))
Package: listings 2015/06/04 1.6 (Carsten Heinz)

(/usr/share/texlive/texmf-dist/tex/latex/url/url.sty
\Urlmuskip=\muskip10
Package: url 2013/09/16  ver 3.4  Verb mode for urls, etc.
)
(/usr/share/texlive/texmf-dist/tex/latex/hyperref/hyperref.sty
Package: hyperref 2012/11/06 v6.83m Hypertext links for LaTeX

(/usr/share/texlive/texmf-dist/tex/generic/oberdiek/hobsub-hyperref.sty
Package: hobsub-hyperref 2012/05/28 v1.13 Bundle oberdiek, subset hyperref (HO)


(/usr/share/texlive/texmf-dist/tex/generic/oberdiek/hobsub-generic.sty
Package: hobsub-generic 2012/05/28 v1.13 Bundle oberdiek, subset generic (HO)
Package: hobsub 2012/05/28 v1.13 Construct package bundles (HO)
Package hobsub Info: Skipping package `infwarerr' (already loaded).
Package hobsub Info: Skipping package `ltxcmds' (already loaded).
Package: ifluatex 2010/03/01 v1.3 Provides the ifluatex switch (HO)
Package ifluatex Info: LuaTeX not detected.
Package: ifvtex 2010/03/01 v1.5 Detect VTeX and its facilities (HO)
Package ifvtex Info: VTeX not detected.
Package: intcalc 2007/09/27 v1.1 Expandable calculations with integers (HO)
Package: ifpdf 2011/01/30 v2.3 Provides the ifpdf switch (HO)
Package ifpdf Info: pdfTeX in PDF mode is detected.
Package: etexcmds 2011/02/16 v1.5 Avoid name clashes with e-TeX commands (HO)
Package etexcmds Info: Could not find \expanded.
(etexcmds)             That can mean that you are not using pdfTeX 1.50 or
(etexcmds)             that some package has redefined \expanded.
(etexcmds)             In the latter case, load this package earlier.
Package: kvsetkeys 2012/04/25 v1.16 Key value parser (HO)
Package: kvdefinekeys 2011/04/07 v1.3 Define keys (HO)
Package: pdftexcmds 2011/11/29 v0.20 Utility functions of pdfTeX for LuaTeX (HO
)
Package pdftexcmds Info: LuaTeX not detected.
Package pdftexcmds Info: \pdf@primitive is available.
Package pdftexcmds Info: \pdf@ifprimitive is available.
Package pdftexcmds Info: \pdfdraftmode found.
Package: pdfescape 2011/11/25 v1.13 Implements pdfTeX's escape features (HO)
Package: bigintcalc 2012/04/08 v1.3 Expandable calculations on big integers (HO
)
Package: bitset 2011/01/30 v1.1 Handle bit-vector datatype (HO)
Package: uniquecounter 2011/01/30 v1.2 Provide unlimited unique counter (HO)
)
Package hobsub Info: Skipping package `hobsub' (already loaded).
Package: letltxmacro 2010/09/02 v1.4 Let assignment for LaTeX macros (HO)
Package: hopatch 2012/05/28 v1.2 Wrapper for package hooks (HO)
Package: xcolor-patch 2011/01/30 xcolor patch
Package: atveryend 2011/06/30 v1.8 Hooks at the very end of document (HO)
Package atveryend Info: \enddocument detected (standard20110627).
Package: atbegshi 2011/10/05 v1.16 At begin shipout hook (HO)
Package: refcount 2011/10/16 v3.4 Data extraction from label references (HO)
Package: hycolor 2011/01/30 v1.7 Color options for hyperref/bookmark (HO)
)
(/usr/share/texlive/texmf-dist/tex/generic/ifxetex/ifxetex.sty
Package: ifxetex 2010/09/12 v0.6 Provides ifxetex conditional
)
(/usr/share/texlive/texmf-dist/tex/latex/oberdiek/auxhook.sty
Package: auxhook 2011/03/04 v1.3 Hooks for auxiliary files (HO)
)
(/usr/share/texlive/texmf-dist/tex/latex/oberdiek/kvoptions.sty
Package: kvoptions 2011/06/30 v3.11 Key value format for package options (HO)
)
\@linkdim=\dimen117
\Hy@linkcounter=\count100
\Hy@pagecounter=\count101

(/usr/share/texlive/texmf-dist/tex/latex/hyperref/pd1enc.def
File: pd1enc.def 2012/11/06 v6.83m Hyperref: PDFDocEncoding definition (HO)
)
\Hy@SavedSpaceFactor=\count102

(/usr/share/texlive/texmf-dist/tex/latex/latexconfig/hyperref.cfg
File: hyperref.cfg 2002/06/06 v1.2 hyperref configuration of TeXLive
)
Package hyperref Info: Hyper figures OFF on input line 4443.
Package hyperref Info: Link nesting OFF on input line 4448.
Package hyperref Info: Hyper index ON on input line 4451.
Package hyperref Info: Plain pages OFF on input line 4458.
Package hyperref Info: Backreferencing OFF on input line 4463.
Package hyperref Info: Implicit mode ON; LaTeX internals redefined.
Package hyperref Info: Bookmarks ON on input line 4688.
\c@Hy@tempcnt=\count103
LaTeX Info: Redefining \url on input line 5041.
\XeTeXLinkMargin=\dimen118
\Fld@menulength=\count104
\Field@Width=\dimen119
\Fld@charsize=\dimen120
Package hyperref Info: Hyper figures OFF on input line 6295.
Package hyperref Info: Link nesting OFF on input line 6300.
Package hyperref Info: Hyper index ON on input line 6303.
Package hyperref Info: backreferencing OFF on input line 6310.
Package hyperref Info: Link coloring OFF on input line 6315.
Package hyperref Info: Link coloring with OCG OFF on input line 6320.
Package hyperref Info: PDF/A mode OFF on input line 6325.
LaTeX Info: Redefining \ref on input line 6365.
LaTeX Info: Redefining \pageref on input line 6369.
\Hy@abspage=\count105
\c@Item=\count106
\c@Hfootnote=\count107
)

Package hyperref Message: Driver (autodetected): hpdftex.

(/usr/share/texlive/texmf-dist/tex/latex/hyperref/hpdftex.def
File: hpdftex.def 2012/11/06 v6.83m Hyperref driver for pdfTeX
\Fld@listcount=\count108
\c@bookmark@seq@number=\count109

(/usr/share/texlive/texmf-dist/tex/latex/oberdiek/rerunfilecheck.sty
Package: rerunfilecheck 2011/04/15 v1.7 Rerun checks for auxiliary files (HO)
Package uniquecounter Info: New unique counter `rerunfilecheck' on input line 2
82.
)
\Hy@SectionHShift=\skip55
)
(/usr/share/texlive/texmf-dist/tex/latex/subfig/subfig.sty
Package: subfig 2005/06/28 ver: 1.3 subfig package
\c@KVtest=\count110
\sf@farskip=\skip56
\sf@captopadj=\dimen121
\sf@capskip=\skip57
\sf@nearskip=\skip58
\c@subfigure=\count111
\c@subfigure@save=\count112
\c@lofdepth=\count113
\c@subtable=\count114
\c@subtable@save=\count115
\c@lotdepth=\count116
\sf@top=\skip59
\sf@bottom=\skip60
)
Package hyperref Info: Option `colorlinks' set `true' on input line 24.

(/usr/share/texlive/texmf-dist/tex/latex/listings/lstlang1.sty
File: lstlang1.sty 2015/06/04 1.6 listings language file
)
(/usr/share/texlive/texmf-dist/tex/latex/listings/lstlang1.sty
File: lstlang1.sty 2015/06/04 1.6 listings language file
)
(/usr/share/texlive/texmf-dist/tex/latex/listings/lstmisc.sty
File: lstmisc.sty 2015/06/04 1.6 (Carsten Heinz)
)
(./Final report.aux

LaTeX Warning: Label `fig:example' multiply defined.


LaTeX Warning: Label `fig:example' multiply defined.


LaTeX Warning: Label `fig:example' multiply defined.

)
\openout1 = `"Final report.aux"'.

LaTeX Font Info:    Checking defaults for OML/cmm/m/it on input line 39.
LaTeX Font Info:    ... okay on input line 39.
LaTeX Font Info:    Checking defaults for T1/cmr/m/n on input line 39.
LaTeX Font Info:    ... okay on input line 39.
LaTeX Font Info:    Checking defaults for OT1/cmr/m/n on input line 39.
LaTeX Font Info:    ... okay on input line 39.
LaTeX Font Info:    Checking defaults for OMS/cmsy/m/n on input line 39.
LaTeX Font Info:    ... okay on input line 39.
LaTeX Font Info:    Checking defaults for OMX/cmex/m/n on input line 39.
LaTeX Font Info:    ... okay on input line 39.
LaTeX Font Info:    Checking defaults for U/cmr/m/n on input line 39.
LaTeX Font Info:    ... okay on input line 39.
LaTeX Font Info:    Checking defaults for PD1/pdf/m/n on input line 39.
LaTeX Font Info:    ... okay on input line 39.
LaTeX Font Info:    Try loading font information for OT1+ptm on input line 39.
 (/usr/share/texlive/texmf-dist/tex/latex/psnfss/ot1ptm.fd
File: ot1ptm.fd 2001/06/04 font definitions for OT1/ptm.
)
Package caption Info: Begin \AtBeginDocument code.
Package caption Info: subfig package v1.3 is loaded.
Package caption Info: hyperref package is loaded.
Package caption Info: listings package is loaded.
Package caption Info: End \AtBeginDocument code.

(/usr/share/texlive/texmf-dist/tex/context/base/supp-pdf.mkii
[Loading MPS to PDF converter (version 2006.09.02).]
\scratchcounter=\count117
\scratchdimen=\dimen122
\scratchbox=\box31
\nofMPsegments=\count118
\nofMParguments=\count119
\everyMPshowfont=\toks19
\MPscratchCnt=\count120
\MPscratchDim=\dimen123
\MPnumerator=\count121
\makeMPintoPDFobject=\count122
\everyMPtoPDFconversion=\toks20
) (/usr/share/texlive/texmf-dist/tex/latex/oberdiek/epstopdf-base.sty
Package: epstopdf-base 2010/02/09 v2.5 Base part for package epstopdf

(/usr/share/texlive/texmf-dist/tex/latex/oberdiek/grfext.sty
Package: grfext 2010/08/19 v1.1 Manage graphics extensions (HO)
)
Package grfext Info: Graphics extension search list:
(grfext)             [.png,.pdf,.jpg,.mps,.jpeg,.jbig2,.jb2,.PNG,.PDF,.JPG,.JPE
G,.JBIG2,.JB2,.eps]
(grfext)             \AppendGraphicsExtensions on input line 452.

(/usr/share/texlive/texmf-dist/tex/latex/latexconfig/epstopdf-sys.cfg
File: epstopdf-sys.cfg 2010/07/13 v1.3 Configuration of (r)epstopdf for TeX Liv
e
))
\c@lstlisting=\count123
\AtBeginShipoutBox=\box32
Package hyperref Info: Link coloring ON on input line 39.

(/usr/share/texlive/texmf-dist/tex/latex/hyperref/nameref.sty
Package: nameref 2012/10/27 v2.43 Cross-referencing by name of section

(/usr/share/texlive/texmf-dist/tex/generic/oberdiek/gettitlestring.sty
Package: gettitlestring 2010/12/03 v1.4 Cleanup title references (HO)
)
\c@section@level=\count124
)
LaTeX Info: Redefining \ref on input line 39.
LaTeX Info: Redefining \pageref on input line 39.
LaTeX Info: Redefining \nameref on input line 39.

(./Final report.out) (./Final report.out)
\@outlinefile=\write3
\openout3 = `"Final report.out"'.

LaTeX Font Info:    Font shape `OT1/ptm/bx/n' in size <24.88> not available
(Font)              Font shape `OT1/ptm/b/n' tried instead on input line 45.

<Pictures/carlow.png, id=196, 266.9975pt x 144.54pt>
File: Pictures/carlow.png Graphic file (type png)
 <use Pictures/carlow.png>
Package pdftex.def Info: Pictures/carlow.png used on input line 65.
(pdftex.def)             Requested size: 186.89696pt x 101.17729pt.

[1

{/var/lib/texmf/fonts/map/pdftex/updmap/pdftex.map} <./Pictures/carlow.png>]
LaTeX Font Info:    Font shape `OT1/ptm/bx/n' in size <17.28> not available
(Font)              Font shape `OT1/ptm/b/n' tried instead on input line 72.

(./Final report.toc
LaTeX Font Info:    Font shape `OT1/ptm/bx/n' in size <12> not available
(Font)              Font shape `OT1/ptm/b/n' tried instead on input line 1.
LaTeX Font Info:    External font `cmex10' loaded for size
(Font)              <12> on input line 4.
LaTeX Font Info:    External font `cmex10' loaded for size
(Font)              <8> on input line 4.
LaTeX Font Info:    External font `cmex10' loaded for size
(Font)              <6> on input line 4.


Package Fancyhdr Warning: \headheight is too small (12.0pt): 
 Make it at least 14.49998pt.
 We now make it that large for the rest of the document.
 This may cause the page layout to be inconsistent, however.

pdfTeX warning (ext4): destination with the same identifier (name{page.i}) has 
been already used, duplicate ignored
<to be read again> 
                   \relax 
l.32 ...ion Manager functions}{19}{subsection.8.2}
                                                   [1])
\tf@toc=\write4
\openout4 = `"Final report.toc"'.

 [2]
Underfull \hbox (badness 10000) in paragraph at lines 80--81

 []


Underfull \hbox (badness 10000) in paragraph at lines 82--83

 []


Underfull \hbox (badness 10000) in paragraph at lines 84--85

 []


Underfull \hbox (badness 10000) in paragraph at lines 90--91

 []

[1

]
Underfull \hbox (badness 10000) in paragraph at lines 92--93

 []


Overfull \hbox (8.83986pt too wide) in paragraph at lines 94--95
\OT1/ptm/m/n/12 lan-guage ex-ten-sions, spe-cific com-piler sup-port, that re-q
uired to in-stall or re-place/up-
 []


Underfull \hbox (badness 10000) in paragraph at lines 94--95

 []


Underfull \hbox (badness 10000) in paragraph at lines 96--97

 []

LaTeX Font Info:    Font shape `OT1/ptm/bx/it' in size <12> not available
(Font)              Font shape `OT1/ptm/b/it' tried instead on input line 98.

Overfull \hbox (20.23859pt too wide) in paragraph at lines 98--99
\OT1/ptm/m/n/12 API func-tion-al-ity can be found on the project web-site. \OT1
/ptm/b/it/12 http://glasnost.itcarlow.ie/ soft-
 []


Underfull \hbox (badness 10000) in paragraph at lines 102--103

 []

[2]
Underfull \hbox (badness 10000) in paragraph at lines 104--105

 []

LaTeX Font Info:    Font shape `OT1/ptm/bx/n' in size <14.4> not available
(Font)              Font shape `OT1/ptm/b/n' tried instead on input line 115.

Underfull \hbox (badness 10000) in paragraph at lines 119--120

 []

[3]
Underfull \hbox (badness 10000) in paragraph at lines 124--125

 []

<Pictures/memory.png, id=332, 456.70625pt x 175.65625pt>
File: Pictures/memory.png Graphic file (type png)

<use Pictures/memory.png>
Package pdftex.def Info: Pictures/memory.png used on input line 130.
(pdftex.def)             Requested size: 319.69218pt x 122.95853pt.
 [4 <./Pictures/memory.png>]
Underfull \hbox (badness 10000) in paragraph at lines 137--138

 []


Underfull \hbox (badness 10000) in paragraph at lines 148--149

 []

[5]
Underfull \hbox (badness 10000) in paragraph at lines 159--160

 []

[6]
Underfull \hbox (badness 10000) in paragraph at lines 161--162

 []

[7]
Underfull \hbox (badness 10000) in paragraph at lines 183--184

 []


Underfull \hbox (badness 10000) in paragraph at lines 185--186

 []

[8]
Underfull \hbox (badness 10000) in paragraph at lines 187--188

 []


Underfull \hbox (badness 10000) in paragraph at lines 189--190

 []


Underfull \hbox (badness 10000) in paragraph at lines 191--192

 []


Underfull \hbox (badness 10000) in paragraph at lines 196--197

 []

[9]
Underfull \hbox (badness 10000) in paragraph at lines 198--199

 []

[10] [11]
Underfull \hbox (badness 10000) in paragraph at lines 246--247

 []


Underfull \hbox (badness 10000) in paragraph at lines 248--249

 []


Underfull \hbox (badness 10000) in paragraph at lines 250--251

 []

[12] [13]
Overfull \hbox (25.6162pt too wide) in paragraph at lines 269--271
\OT1/ptm/m/n/12 The an-other part that needed re-search, is unit test-ing for C
++ pro-gram-ming language.[[]]
 []


Package hyperref Warning: Difference (2) between bookmark levels is greater 
(hyperref)                than one, level fixed on input line 276.


Underfull \hbox (badness 10000) in paragraph at lines 277--278

 []

[14]
Underfull \hbox (badness 10000) in paragraph at lines 279--280

 []

<Pictures/TM.png, id=413, 916.42375pt x 337.26pt>
File: Pictures/TM.png Graphic file (type png)
 <use Pictures/TM.png>
Package pdftex.def Info: Pictures/TM.png used on input line 284.
(pdftex.def)             Requested size: 366.563pt x 134.9016pt.

Underfull \hbox (badness 10000) in paragraph at lines 289--290

 []

[15 <./Pictures/TM.png>] <Pictures/TX.png, id=420, 694.595pt x 261.97874pt>
File: Pictures/TX.png Graphic file (type png)

<use Pictures/TX.png>
Package pdftex.def Info: Pictures/TX.png used on input line 297.
(pdftex.def)             Requested size: 416.76022pt x 157.18845pt.

Overfull \hbox (26.76022pt too wide) in paragraph at lines 297--298
 [][] 
 []

[16 <./Pictures/TX.png>] <Pictures/BASE.png, id=428, 473.77pt x 597.23125pt>
File: Pictures/BASE.png Graphic file (type png)

<use Pictures/BASE.png>
Package pdftex.def Info: Pictures/BASE.png used on input line 306.
(pdftex.def)             Requested size: 170.71652pt x 215.20357pt.
 <Pictures/aib.png, id=429, 340.27126pt x 337.26pt>
File: Pictures/aib.png Graphic file (type png)

<use Pictures/aib.png>
Package pdftex.def Info: Pictures/aib.png used on input line 308.
(pdftex.def)             Requested size: 170.71652pt x 169.20595pt.
 [17 <./Pictures/BASE.png> <./Pictures/aib.png>]
Underfull \hbox (badness 10000) in paragraph at lines 325--326

 []

[18]
Underfull \hbox (badness 10000) in paragraph at lines 327--328

 []

<Pictures/commit.png, id=443, 325.215pt x 139.52126pt>
File: Pictures/commit.png Graphic file (type png)

<use Pictures/commit.png>
Package pdftex.def Info: Pictures/commit.png used on input line 333.
(pdftex.def)             Requested size: 170.71652pt x 73.24123pt.

Underfull \hbox (badness 10000) in paragraph at lines 342--345

 []

[19 <./Pictures/commit.png>]
Underfull \hbox (badness 10000) in paragraph at lines 346--347

 []


Underfull \hbox (badness 10000) in paragraph at lines 351--352

 []

LaTeX Font Info:    Try loading font information for OML+ptm on input line 357.

(/usr/share/texlive/texmf-dist/tex/latex/psnfss/omlptm.fd
File: omlptm.fd 
)
LaTeX Font Info:    Font shape `OML/ptm/m/n' in size <10> not available
(Font)              Font shape `OML/cmm/m/it' tried instead on input line 357.
 [20]
LaTeX Font Info:    Font shape `OT1/ptm/bx/n' in size <10> not available
(Font)              Font shape `OT1/ptm/b/n' tried instead on input line 361.

Overfull \hbox (36.00433pt too wide) in paragraph at lines 361--362
[][][][][][][][][][][][][][][][][][][][][][][][][][][][] 
 []

[21] <Pictures/test.png, id=478, 1950.28625pt x 501.875pt>
File: Pictures/test.png Graphic file (type png)

<use Pictures/test.png>
Package pdftex.def Info: Pictures/test.png used on input line 397.
(pdftex.def)             Requested size: 390.05034pt x 100.37321pt.

Overfull \hbox (17.67516pt too wide) in paragraph at lines 397--398
[][] 
 []


Underfull \hbox (badness 10000) in paragraph at lines 404--405

 []

<Pictures/minor_fault.png, id=479, 463.7325pt x 256.96pt>
File: Pictures/minor_fault.png Graphic file (type png)

<use Pictures/minor_fault.png>
Package pdftex.def Info: Pictures/minor_fault.png used on input line 423.
(pdftex.def)             Requested size: 278.24164pt x 154.17719pt.


LaTeX Warning: `!h' float specifier changed to `!ht'.

[22 <./Pictures/test.png>]
<Pictures/base_transaction.png, id=490, 927.465pt x 531.9875pt>
File: Pictures/base_transaction.png Graphic file (type png)

<use Pictures/base_transaction.png>
Package pdftex.def Info: Pictures/base_transaction.png used on input line 437.
(pdftex.def)             Requested size: 370.97943pt x 212.79123pt.


LaTeX Warning: `!h' float specifier changed to `!ht'.

[23 <./Pictures/minor_fault.png>]pdfTeX warning (ext4): destination with the sa
me identifier (name{subfigure.1.1}) has been already used, duplicate ignored
<to be read again> 
                   \relax 
l.447     \subfloat
                   [My library]{{\includegraphics[width=6cm]{Pictures/comare...
<Pictures/comare32.png, id=498, 700.6175pt x 394.47375pt>
File: Pictures/comare32.png Graphic file (type png)

<use Pictures/comare32.png>
Package pdftex.def Info: Pictures/comare32.png used on input line 447.
(pdftex.def)             Requested size: 170.71652pt x 96.12022pt.
pdfTeX warning (ext4): destination with the same identifier (name{subfigure.1.2
}) has been already used, duplicate ignored
<to be read again> 
                   \relax 
l.449     \subfloat
                   [Other solutions]{{\includegraphics[width=6cm]{Pictures/c...
<Pictures/compare.png, id=499, 561.09625pt x 400.49625pt>
File: Pictures/compare.png Graphic file (type png)

<use Pictures/compare.png>
Package pdftex.def Info: Pictures/compare.png used on input line 449.
(pdftex.def)             Requested size: 170.71652pt x 121.84868pt.


LaTeX Warning: `!h' float specifier changed to `!ht'.

[24 <./Pictures/base_transaction.png>]pdfTeX warning (ext4): destination with t
he same identifier (name{subfigure.1.1}) has been already used, duplicate ignor
ed
<to be read again> 
                   \relax 
l.460     \subfloat
                   [Simple transaction]{{\includegraphics[width=6cm]{Picture...
<Pictures/two_object.png, id=508, 465.74pt x 256.96pt>
File: Pictures/two_object.png Graphic file (type png)

<use Pictures/two_object.png>
Package pdftex.def Info: Pictures/two_object.png used on input line 460.
(pdftex.def)             Requested size: 170.71652pt x 94.18758pt.
pdfTeX warning (ext4): destination with the same identifier (name{subfigure.1.2
}) has been already used, duplicate ignored
<to be read again> 
                   \relax 
l.462     \subfloat
                   [Nested Transaction]{{\includegraphics[width=6cm]{Picture...
<Pictures/two_object_nested.png, id=509, 461.725pt x 262.9825pt>
File: Pictures/two_object_nested.png Graphic file (type png)

<use Pictures/two_object_nested.png>
Package pdftex.def Info: Pictures/two_object_nested.png used on input line 462.

(pdftex.def)             Requested size: 170.71652pt x 97.23378pt.
 [25 <./Pictures/comare32.png> <./Pictures/compare.png> <./Pictures/two_object.
png> <./Pictures/two_object_nested.png>]pdfTeX warning (ext4): destination with
 the same identifier (name{subfigure.1.1}) has been already used, duplicate ign
ored
<to be read again> 
                   \relax 
l.476     \subfloat
                   [Simple transaction]{{\includegraphics[width=6cm]{Picture...
<Pictures/six_object.png, id=516, 638.385pt x 359.3425pt>
File: Pictures/six_object.png Graphic file (type png)

<use Pictures/six_object.png>
Package pdftex.def Info: Pictures/six_object.png used on input line 476.
(pdftex.def)             Requested size: 170.71652pt x 96.09163pt.
pdfTeX warning (ext4): destination with the same identifier (name{subfigure.1.2
}) has been already used, duplicate ignored
<to be read again> 
                   \relax 
l.478     \subfloat
                   [Nested Transaction]{{\includegraphics[width=6cm]{Picture...
<Pictures/six_object_nested.png, id=517, 638.385pt x 350.30875pt>
File: Pictures/six_object_nested.png Graphic file (type png)

<use Pictures/six_object_nested.png>
Package pdftex.def Info: Pictures/six_object_nested.png used on input line 478.

(pdftex.def)             Requested size: 170.71652pt x 93.67592pt.

<Pictures/collection.png, id=518, 579.16376pt x 326.21875pt>
File: Pictures/collection.png Graphic file (type png)

<use Pictures/collection.png>
Package pdftex.def Info: Pictures/collection.png used on input line 490.
(pdftex.def)             Requested size: 347.50093pt x 195.73274pt.


LaTeX Warning: `!h' float specifier changed to `!ht'.

[26 <./Pictures/six_object.png> <./Pictures/six_object_nested.png>]
Underfull \hbox (badness 10000) in paragraph at lines 496--497

 []


Underfull \hbox (badness 10000) in paragraph at lines 498--499

 []


Underfull \hbox (badness 10000) in paragraph at lines 500--501

 []

[27 <./Pictures/collection.png>] [28] (./Final report.bbl
LaTeX Font Info:    Try loading font information for OT1+pcr on input line 7.

(/usr/share/texlive/texmf-dist/tex/latex/psnfss/ot1pcr.fd
File: ot1pcr.fd 2001/06/04 font definitions for OT1/pcr.
)
Underfull \hbox (badness 2012) in paragraph at lines 4--9
[]\OT1/ptm/m/n/12 N. A. Gul-fam Ab-bas.  Per-for-mance Trade-offs in Soft-ware 
Trans-ac-
 []


Underfull \hbox (badness 10000) in paragraph at lines 17--21
\OT1/pcr/m/n/12 net / doc / cvs / cppunit _ cookbook . html$[][]\OT1/ptm/m/n/12
 .  N/A (Ac-cessed :
 []

)
Package atveryend Info: Empty hook `BeforeClearDocument' on input line 517.
 [29]
Package atveryend Info: Empty hook `AfterLastShipout' on input line 517.
 (./Final report.aux)
Package atveryend Info: Executing hook `AtVeryEndDocument' on input line 517.
Package atveryend Info: Executing hook `AtEndAfterFileList' on input line 517.
Package rerunfilecheck Info: File `"Final report".out' has not changed.
(rerunfilecheck)             Checksum: FE91A777D29DB4EC77FB7F5718715ED0;3440.


LaTeX Warning: There were multiply-defined labels.

Package atveryend Info: Empty hook `AtVeryVeryEnd' on input line 517.
 ) 
Here is how much of TeX's memory you used:
 9254 strings out of 493029
 138977 string characters out of 6136235
 261372 words of memory out of 5000000
 12512 multiletter control sequences out of 15000+600000
 26195 words of font info for 50 fonts, out of 8000000 for 9000
 1141 hyphenation exceptions out of 8191
 36i,14n,58p,898b,1251s stack positions out of 5000i,500n,10000p,200000b,80000s
{/usr/share/texlive/texmf-dist/fonts/enc/dvips/base/8r.enc}</usr/share/texliv
e/texmf-dist/fonts/type1/public/amsfonts/cm/cmmi10.pfb></usr/share/texlive/texm
f-dist/fonts/type1/urw/courier/ucrr8a.pfb></usr/share/texlive/texmf-dist/fonts/
type1/urw/times/utmb8a.pfb></usr/share/texlive/texmf-dist/fonts/type1/urw/times
/utmbi8a.pfb></usr/share/texlive/texmf-dist/fonts/type1/urw/times/utmr8a.pfb></
usr/share/texlive/texmf-dist/fonts/type1/urw/times/utmri8a.pfb>
Output written on "Final report.pdf" (32 pages, 654142 bytes).
PDF statistics:
 604 PDF objects out of 1000 (max. 8388607)
 533 compressed objects within 6 object streams
 154 named destinations out of 1000 (max. 500000)
 470 words of extra memory for PDF output out of 10000 (max. 10000000)

