c:\users\orgis\documents\visual studio 2015\projects\client_application\client_application\x64\release\vc140.pdb
c:\users\orgis\documents\visual studio 2015\projects\client_application\client_application\x64\release\warehouse.obj
c:\users\orgis\documents\visual studio 2015\projects\client_application\client_application\x64\release\unbl.obj
c:\users\orgis\documents\visual studio 2015\projects\client_application\client_application\x64\release\ulster.obj
c:\users\orgis\documents\visual studio 2015\projects\client_application\client_application\x64\release\tallagh_w.obj
c:\users\orgis\documents\visual studio 2015\projects\client_application\client_application\x64\release\swbplc.obj
c:\users\orgis\documents\visual studio 2015\projects\client_application\client_application\x64\release\sligo_w.obj
c:\users\orgis\documents\visual studio 2015\projects\client_application\client_application\x64\release\main.obj
c:\users\orgis\documents\visual studio 2015\projects\client_application\client_application\x64\release\kilkenny_w.obj
c:\users\orgis\documents\visual studio 2015\projects\client_application\client_application\x64\release\dundalk_w.obj
c:\users\orgis\documents\visual studio 2015\projects\client_application\client_application\x64\release\carphone_warehouse.obj
c:\users\orgis\documents\visual studio 2015\projects\client_application\client_application\x64\release\carlow_w.obj
c:\users\orgis\documents\visual studio 2015\projects\client_application\client_application\x64\release\boi.obj
c:\users\orgis\documents\visual studio 2015\projects\client_application\client_application\x64\release\boa.obj
c:\users\orgis\documents\visual studio 2015\projects\client_application\client_application\x64\release\bank.obj
c:\users\orgis\documents\visual studio 2015\projects\client_application\client_application\x64\release\aib.obj
c:\users\orgis\documents\visual studio 2015\projects\client_application\x64\release\client_application.lib
c:\users\orgis\documents\visual studio 2015\projects\client_application\x64\release\client_application.exp
c:\users\orgis\documents\visual studio 2015\projects\client_application\x64\release\client_application.exe
c:\users\orgis\documents\visual studio 2015\projects\client_application\x64\release\client_application.ipdb
c:\users\orgis\documents\visual studio 2015\projects\client_application\x64\release\client_application.iobj
c:\users\orgis\documents\visual studio 2015\projects\client_application\x64\release\client_application.pdb
c:\users\orgis\documents\visual studio 2015\projects\client_application\client_application\x64\release\client_a.613d66ce.tlog\cl.command.1.tlog
c:\users\orgis\documents\visual studio 2015\projects\client_application\client_application\x64\release\client_a.613d66ce.tlog\cl.read.1.tlog
c:\users\orgis\documents\visual studio 2015\projects\client_application\client_application\x64\release\client_a.613d66ce.tlog\cl.write.1.tlog
c:\users\orgis\documents\visual studio 2015\projects\client_application\client_application\x64\release\client_a.613d66ce.tlog\client_application.write.1u.tlog
c:\users\orgis\documents\visual studio 2015\projects\client_application\client_application\x64\release\client_a.613d66ce.tlog\link.command.1.tlog
c:\users\orgis\documents\visual studio 2015\projects\client_application\client_application\x64\release\client_a.613d66ce.tlog\link.read.1.tlog
c:\users\orgis\documents\visual studio 2015\projects\client_application\client_application\x64\release\client_a.613d66ce.tlog\link.write.1.tlog
