  AIB.cpp
c:\users\orgis\desktop\library_files\OSTM.h(126): warning C4251: 'OSTM::mutex': class 'std::mutex' needs to have dll-interface to be used by clients of class 'OSTM'
  C:\Program Files (x86)\Microsoft Visual Studio 14.0\VC\include\mutex(78): note: see declaration of 'std::mutex'
  BANK.cpp
c:\users\orgis\desktop\library_files\OSTM.h(126): warning C4251: 'OSTM::mutex': class 'std::mutex' needs to have dll-interface to be used by clients of class 'OSTM'
  C:\Program Files (x86)\Microsoft Visual Studio 14.0\VC\include\mutex(78): note: see declaration of 'std::mutex'
  BOA.cpp
c:\users\orgis\desktop\library_files\OSTM.h(126): warning C4251: 'OSTM::mutex': class 'std::mutex' needs to have dll-interface to be used by clients of class 'OSTM'
  C:\Program Files (x86)\Microsoft Visual Studio 14.0\VC\include\mutex(78): note: see declaration of 'std::mutex'
  BOI.cpp
c:\users\orgis\desktop\library_files\OSTM.h(126): warning C4251: 'OSTM::mutex': class 'std::mutex' needs to have dll-interface to be used by clients of class 'OSTM'
  C:\Program Files (x86)\Microsoft Visual Studio 14.0\VC\include\mutex(78): note: see declaration of 'std::mutex'
  CARLOW_W.cpp
c:\users\orgis\desktop\library_files\OSTM.h(126): warning C4251: 'OSTM::mutex': class 'std::mutex' needs to have dll-interface to be used by clients of class 'OSTM'
  C:\Program Files (x86)\Microsoft Visual Studio 14.0\VC\include\mutex(78): note: see declaration of 'std::mutex'
  CARPHONE_WAREHOUSE.cpp
c:\users\orgis\desktop\library_files\OSTM.h(126): warning C4251: 'OSTM::mutex': class 'std::mutex' needs to have dll-interface to be used by clients of class 'OSTM'
  C:\Program Files (x86)\Microsoft Visual Studio 14.0\VC\include\mutex(78): note: see declaration of 'std::mutex'
  DUNDALK_W.cpp
c:\users\orgis\desktop\library_files\OSTM.h(126): warning C4251: 'OSTM::mutex': class 'std::mutex' needs to have dll-interface to be used by clients of class 'OSTM'
  C:\Program Files (x86)\Microsoft Visual Studio 14.0\VC\include\mutex(78): note: see declaration of 'std::mutex'
  KILKENNY_W.cpp
c:\users\orgis\desktop\library_files\OSTM.h(126): warning C4251: 'OSTM::mutex': class 'std::mutex' needs to have dll-interface to be used by clients of class 'OSTM'
  C:\Program Files (x86)\Microsoft Visual Studio 14.0\VC\include\mutex(78): note: see declaration of 'std::mutex'
  main.cpp
c:\users\orgis\desktop\library_files\OSTM.h(126): warning C4251: 'OSTM::mutex': class 'std::mutex' needs to have dll-interface to be used by clients of class 'OSTM'
  C:\Program Files (x86)\Microsoft Visual Studio 14.0\VC\include\mutex(78): note: see declaration of 'std::mutex'
c:\users\orgis\desktop\library_files\TX.h(90): warning C4251: 'TX::working_Map_collection': class 'std::map<int,std::shared_ptr<OSTM>,std::less<int>,std::allocator<std::pair<const _Kty,_Ty>>>' needs to have dll-interface to be used by clients of class 'TX'
          with
          [
              _Kty=int,
              _Ty=std::shared_ptr<OSTM>
          ]
  c:\users\orgis\desktop\library_files\TX.h(90): note: see declaration of 'std::map<int,std::shared_ptr<OSTM>,std::less<int>,std::allocator<std::pair<const _Kty,_Ty>>>'
          with
          [
              _Kty=int,
              _Ty=std::shared_ptr<OSTM>
          ]
c:\users\orgis\desktop\library_files\TX.h(96): warning C4251: 'TX::transaction_Number': class 'std::thread::id' needs to have dll-interface to be used by clients of class 'TX'
  C:\Program Files (x86)\Microsoft Visual Studio 14.0\VC\include\thread(150): note: see declaration of 'std::thread::id'
c:\users\orgis\desktop\library_files\TX.h(106): warning C4251: 'TX::main_Process_Map_collection': class 'std::map<int,std::shared_ptr<OSTM>,std::less<int>,std::allocator<std::pair<const _Kty,_Ty>>>' needs to have dll-interface to be used by clients of class 'TX'
          with
          [
              _Kty=int,
              _Ty=std::shared_ptr<OSTM>
          ]
  c:\users\orgis\desktop\library_files\TX.h(90): note: see declaration of 'std::map<int,std::shared_ptr<OSTM>,std::less<int>,std::allocator<std::pair<const _Kty,_Ty>>>'
          with
          [
              _Kty=int,
              _Ty=std::shared_ptr<OSTM>
          ]
c:\users\orgis\desktop\library_files\TX.h(111): warning C4251: 'TX::process_map_collection': class 'std::map<int,std::map<int,int,std::less<int>,std::allocator<std::pair<const _Kty,_Ty>>>,std::less<_Ty>,std::allocator<std::pair<const _Kty,std::map<_Kty,_Ty,std::less<_Ty>,std::allocator<std::pair<const _Kty,_Ty>>>>>>' needs to have dll-interface to be used by clients of class 'TX'
          with
          [
              _Kty=int,
              _Ty=int
          ]
  c:\users\orgis\desktop\library_files\TX.h(111): note: see declaration of 'std::map<int,std::map<int,int,std::less<int>,std::allocator<std::pair<const _Kty,_Ty>>>,std::less<_Ty>,std::allocator<std::pair<const _Kty,std::map<_Kty,_Ty,std::less<_Ty>,std::allocator<std::pair<const _Kty,_Ty>>>>>>'
          with
          [
              _Kty=int,
              _Ty=int
          ]
c:\users\orgis\desktop\library_files\TX.h(120): warning C4251: 'TX::register_Lock': class 'std::mutex' needs to have dll-interface to be used by clients of class 'TX'
  C:\Program Files (x86)\Microsoft Visual Studio 14.0\VC\include\mutex(78): note: see declaration of 'std::mutex'
c:\users\orgis\desktop\library_files\TX.h(135): warning C4251: 'TX::win_Lock': class 'std::mutex' needs to have dll-interface to be used by clients of class 'TX'
  C:\Program Files (x86)\Microsoft Visual Studio 14.0\VC\include\mutex(78): note: see declaration of 'std::mutex'
c:\users\orgis\desktop\library_files\TM.h(77): warning C4251: 'TM::txMap': class 'std::map<std::thread::id,std::shared_ptr<TX>,std::less<_Kty>,std::allocator<std::pair<const _Kty,_Ty>>>' needs to have dll-interface to be used by clients of class 'TM'
          with
          [
              _Kty=std::thread::id,
              _Ty=std::shared_ptr<TX>
          ]
  c:\users\orgis\desktop\library_files\TM.h(77): note: see declaration of 'std::map<std::thread::id,std::shared_ptr<TX>,std::less<_Kty>,std::allocator<std::pair<const _Kty,_Ty>>>'
          with
          [
              _Kty=std::thread::id,
              _Ty=std::shared_ptr<TX>
          ]
c:\users\orgis\desktop\library_files\TM.h(82): warning C4251: 'TM::process_map_collection': class 'std::map<int,std::map<std::thread::id,int,std::less<_Kty>,std::allocator<std::pair<const _Kty,_Ty>>>,std::less<_Ty>,std::allocator<std::pair<const int,std::map<_Kty,_Ty,std::less<_Kty>,std::allocator<std::pair<const _Kty,_Ty>>>>>>' needs to have dll-interface to be used by clients of class 'TM'
          with
          [
              _Kty=std::thread::id,
              _Ty=int
          ]
  c:\users\orgis\desktop\library_files\TM.h(82): note: see declaration of 'std::map<int,std::map<std::thread::id,int,std::less<_Kty>,std::allocator<std::pair<const _Kty,_Ty>>>,std::less<_Ty>,std::allocator<std::pair<const int,std::map<_Kty,_Ty,std::less<_Kty>,std::allocator<std::pair<const _Kty,_Ty>>>>>>'
          with
          [
              _Kty=std::thread::id,
              _Ty=int
          ]
c:\users\orgis\desktop\library_files\TM.h(94): warning C4251: 'TM::register_Lock': class 'std::mutex' needs to have dll-interface to be used by clients of class 'TM'
  C:\Program Files (x86)\Microsoft Visual Studio 14.0\VC\include\mutex(78): note: see declaration of 'std::mutex'
c:\users\orgis\desktop\library_files\TM.h(98): warning C4251: 'TM::get_Lock': class 'std::mutex' needs to have dll-interface to be used by clients of class 'TM'
  C:\Program Files (x86)\Microsoft Visual Studio 14.0\VC\include\mutex(78): note: see declaration of 'std::mutex'
  SLIGO_W.cpp
c:\users\orgis\desktop\library_files\OSTM.h(126): warning C4251: 'OSTM::mutex': class 'std::mutex' needs to have dll-interface to be used by clients of class 'OSTM'
  C:\Program Files (x86)\Microsoft Visual Studio 14.0\VC\include\mutex(78): note: see declaration of 'std::mutex'
  SWBPLC.cpp
c:\users\orgis\desktop\library_files\OSTM.h(126): warning C4251: 'OSTM::mutex': class 'std::mutex' needs to have dll-interface to be used by clients of class 'OSTM'
  C:\Program Files (x86)\Microsoft Visual Studio 14.0\VC\include\mutex(78): note: see declaration of 'std::mutex'
  TALLAGH_W.cpp
c:\users\orgis\desktop\library_files\OSTM.h(126): warning C4251: 'OSTM::mutex': class 'std::mutex' needs to have dll-interface to be used by clients of class 'OSTM'
  C:\Program Files (x86)\Microsoft Visual Studio 14.0\VC\include\mutex(78): note: see declaration of 'std::mutex'
  ULSTER.cpp
c:\users\orgis\desktop\library_files\OSTM.h(126): warning C4251: 'OSTM::mutex': class 'std::mutex' needs to have dll-interface to be used by clients of class 'OSTM'
  C:\Program Files (x86)\Microsoft Visual Studio 14.0\VC\include\mutex(78): note: see declaration of 'std::mutex'
  UNBL.cpp
c:\users\orgis\desktop\library_files\OSTM.h(126): warning C4251: 'OSTM::mutex': class 'std::mutex' needs to have dll-interface to be used by clients of class 'OSTM'
  C:\Program Files (x86)\Microsoft Visual Studio 14.0\VC\include\mutex(78): note: see declaration of 'std::mutex'
  WAREHOUSE.cpp
c:\users\orgis\desktop\library_files\OSTM.h(126): warning C4251: 'OSTM::mutex': class 'std::mutex' needs to have dll-interface to be used by clients of class 'OSTM'
  C:\Program Files (x86)\Microsoft Visual Studio 14.0\VC\include\mutex(78): note: see declaration of 'std::mutex'
     Creating library c:\users\orgis\documents\visual studio 2015\Projects\CLIENT_APPLICATION\x64\Release\CLIENT_APPLICATION.lib and object c:\users\orgis\documents\visual studio 2015\Projects\CLIENT_APPLICATION\x64\Release\CLIENT_APPLICATION.exp
  Generating code
  All 1021 functions were compiled because no usable IPDB/IOBJ from previous compilation was found.
  Finished generating code
  CLIENT_APPLICATION.vcxproj -> c:\users\orgis\documents\visual studio 2015\Projects\CLIENT_APPLICATION\x64\Release\CLIENT_APPLICATION.exe
  CLIENT_APPLICATION.vcxproj -> c:\users\orgis\documents\visual studio 2015\Projects\CLIENT_APPLICATION\x64\Release\CLIENT_APPLICATION.pdb (Full PDB)
