This is pdfTeX, Version 3.14159265-2.6-1.40.16 (TeX Live 2015/Debian) (preloaded format=pdflatex 2018.4.1)  14 APR 2018 16:32
entering extended mode
 restricted \write18 enabled.
 %&-line parsing enabled.
**"Research Report.tex"
(./Research Report.tex
LaTeX2e <2016/02/01>
Babel <3.9q> and hyphenation patterns for 81 language(s) loaded.
(/usr/share/texlive/texmf-dist/tex/latex/base/article.cls
Document Class: article 2014/09/29 v1.4h Standard LaTeX document class
(/usr/share/texlive/texmf-dist/tex/latex/base/size12.clo
File: size12.clo 2014/09/29 v1.4h Standard LaTeX file (size option)
)
\c@part=\count79
\c@section=\count80
\c@subsection=\count81
\c@subsubsection=\count82
\c@paragraph=\count83
\c@subparagraph=\count84
\c@figure=\count85
\c@table=\count86
\abovecaptionskip=\skip41
\belowcaptionskip=\skip42
\bibindent=\dimen102
)
(/usr/share/texlive/texmf-dist/tex/latex/float/float.sty
Package: float 2001/11/08 v1.3d Float enhancements (AL)
\c@float@type=\count87
\float@exts=\toks14
\float@box=\box26
\@float@everytoks=\toks15
\@floatcapt=\box27
)
(/usr/share/texlive/texmf-dist/tex/latex/caption/caption.sty
Package: caption 2016/02/21 v3.3-144 Customizing captions (AR)

(/usr/share/texlive/texmf-dist/tex/latex/caption/caption3.sty
Package: caption3 2016/02/04 v1.7-139 caption3 kernel (AR)
Package caption3 Info: TeX engine: e-TeX on input line 67.

(/usr/share/texlive/texmf-dist/tex/latex/graphics/keyval.sty
Package: keyval 2014/10/28 v1.15 key=value parser (DPC)
\KV@toks@=\toks16
)
\captionmargin=\dimen103
\captionmargin@=\dimen104
\captionwidth=\dimen105
\caption@tempdima=\dimen106
\caption@indent=\dimen107
\caption@parindent=\dimen108
\caption@hangindent=\dimen109
)
\c@ContinuedFloat=\count88
Package caption Info: float package is loaded.
)
(/usr/share/texlive/texmf-dist/tex/latex/psnfss/times.sty
Package: times 2005/04/12 PSNFSS-v9.2a (SPQR) 
)
(/usr/share/texlive/texmf-dist/tex/latex/natbib/natbib.sty
Package: natbib 2010/09/13 8.31b (PWD, AO)
\bibhang=\skip43
\bibsep=\skip44
LaTeX Info: Redefining \cite on input line 694.
\c@NAT@ctr=\count89
)
(/usr/share/texlive/texmf-dist/tex/latex/graphics/graphicx.sty
Package: graphicx 2014/10/28 v1.0g Enhanced LaTeX Graphics (DPC,SPQR)

(/usr/share/texlive/texmf-dist/tex/latex/graphics/graphics.sty
Package: graphics 2016/01/03 v1.0q Standard LaTeX Graphics (DPC,SPQR)

(/usr/share/texlive/texmf-dist/tex/latex/graphics/trig.sty
Package: trig 2016/01/03 v1.10 sin cos tan (DPC)
)
(/usr/share/texlive/texmf-dist/tex/latex/latexconfig/graphics.cfg
File: graphics.cfg 2010/04/23 v1.9 graphics configuration of TeX Live
)
Package graphics Info: Driver file: pdftex.def on input line 95.

(/usr/share/texlive/texmf-dist/tex/latex/pdftex-def/pdftex.def
File: pdftex.def 2011/05/27 v0.06d Graphics/color for pdfTeX

(/usr/share/texlive/texmf-dist/tex/generic/oberdiek/infwarerr.sty
Package: infwarerr 2010/04/08 v1.3 Providing info/warning/error messages (HO)
)
(/usr/share/texlive/texmf-dist/tex/generic/oberdiek/ltxcmds.sty
Package: ltxcmds 2011/11/09 v1.22 LaTeX kernel commands for general use (HO)
)
\Gread@gobject=\count90
))
\Gin@req@height=\dimen110
\Gin@req@width=\dimen111
)
(/usr/share/texlive/texmf-dist/tex/latex/placeins/placeins.sty
Package: placeins 2005/04/18  v 2.2
)
(/usr/share/texlive/texmf-dist/tex/latex/tools/indentfirst.sty
Package: indentfirst 1995/11/23 v1.03 Indent first paragraph (DPC)
)
(/usr/share/texlive/texmf-dist/tex/latex/fancyhdr/fancyhdr.sty
\fancy@headwidth=\skip45
\f@ncyO@elh=\skip46
\f@ncyO@erh=\skip47
\f@ncyO@olh=\skip48
\f@ncyO@orh=\skip49
\f@ncyO@elf=\skip50
\f@ncyO@erf=\skip51
\f@ncyO@olf=\skip52
\f@ncyO@orf=\skip53
)
(/usr/share/texlive/texmf-dist/tex/latex/xcolor/xcolor.sty
Package: xcolor 2007/01/21 v2.11 LaTeX color extensions (UK)

(/usr/share/texlive/texmf-dist/tex/latex/latexconfig/color.cfg
File: color.cfg 2007/01/18 v1.5 color configuration of teTeX/TeXLive
)
Package xcolor Info: Driver file: pdftex.def on input line 225.
Package xcolor Info: Model `cmy' substituted by `cmy0' on input line 1337.
Package xcolor Info: Model `hsb' substituted by `rgb' on input line 1341.
Package xcolor Info: Model `RGB' extended on input line 1353.
Package xcolor Info: Model `HTML' substituted by `rgb' on input line 1355.
Package xcolor Info: Model `Hsb' substituted by `hsb' on input line 1356.
Package xcolor Info: Model `tHsb' substituted by `hsb' on input line 1357.
Package xcolor Info: Model `HSB' substituted by `hsb' on input line 1358.
Package xcolor Info: Model `Gray' substituted by `gray' on input line 1359.
Package xcolor Info: Model `wave' substituted by `hsb' on input line 1360.
)
(/usr/share/texlive/texmf-dist/tex/latex/listings/listings.sty
\lst@mode=\count91
\lst@gtempboxa=\box28
\lst@token=\toks17
\lst@length=\count92
\lst@currlwidth=\dimen112
\lst@column=\count93
\lst@pos=\count94
\lst@lostspace=\dimen113
\lst@width=\dimen114
\lst@newlines=\count95
\lst@lineno=\count96
\lst@maxwidth=\dimen115

(/usr/share/texlive/texmf-dist/tex/latex/listings/lstmisc.sty
File: lstmisc.sty 2015/06/04 1.6 (Carsten Heinz)
\c@lstnumber=\count97
\lst@skipnumbers=\count98
\lst@framebox=\box29
)
(/usr/share/texlive/texmf-dist/tex/latex/listings/listings.cfg
File: listings.cfg 2015/06/04 1.6 listings configuration
))
Package: listings 2015/06/04 1.6 (Carsten Heinz)

(/usr/share/texlive/texmf-dist/tex/latex/url/url.sty
\Urlmuskip=\muskip10
Package: url 2013/09/16  ver 3.4  Verb mode for urls, etc.
)
(/usr/share/texlive/texmf-dist/tex/latex/hyperref/hyperref.sty
Package: hyperref 2012/11/06 v6.83m Hypertext links for LaTeX

(/usr/share/texlive/texmf-dist/tex/generic/oberdiek/hobsub-hyperref.sty
Package: hobsub-hyperref 2012/05/28 v1.13 Bundle oberdiek, subset hyperref (HO)


(/usr/share/texlive/texmf-dist/tex/generic/oberdiek/hobsub-generic.sty
Package: hobsub-generic 2012/05/28 v1.13 Bundle oberdiek, subset generic (HO)
Package: hobsub 2012/05/28 v1.13 Construct package bundles (HO)
Package hobsub Info: Skipping package `infwarerr' (already loaded).
Package hobsub Info: Skipping package `ltxcmds' (already loaded).
Package: ifluatex 2010/03/01 v1.3 Provides the ifluatex switch (HO)
Package ifluatex Info: LuaTeX not detected.
Package: ifvtex 2010/03/01 v1.5 Detect VTeX and its facilities (HO)
Package ifvtex Info: VTeX not detected.
Package: intcalc 2007/09/27 v1.1 Expandable calculations with integers (HO)
Package: ifpdf 2011/01/30 v2.3 Provides the ifpdf switch (HO)
Package ifpdf Info: pdfTeX in PDF mode is detected.
Package: etexcmds 2011/02/16 v1.5 Avoid name clashes with e-TeX commands (HO)
Package etexcmds Info: Could not find \expanded.
(etexcmds)             That can mean that you are not using pdfTeX 1.50 or
(etexcmds)             that some package has redefined \expanded.
(etexcmds)             In the latter case, load this package earlier.
Package: kvsetkeys 2012/04/25 v1.16 Key value parser (HO)
Package: kvdefinekeys 2011/04/07 v1.3 Define keys (HO)
Package: pdftexcmds 2011/11/29 v0.20 Utility functions of pdfTeX for LuaTeX (HO
)
Package pdftexcmds Info: LuaTeX not detected.
Package pdftexcmds Info: \pdf@primitive is available.
Package pdftexcmds Info: \pdf@ifprimitive is available.
Package pdftexcmds Info: \pdfdraftmode found.
Package: pdfescape 2011/11/25 v1.13 Implements pdfTeX's escape features (HO)
Package: bigintcalc 2012/04/08 v1.3 Expandable calculations on big integers (HO
)
Package: bitset 2011/01/30 v1.1 Handle bit-vector datatype (HO)
Package: uniquecounter 2011/01/30 v1.2 Provide unlimited unique counter (HO)
)
Package hobsub Info: Skipping package `hobsub' (already loaded).
Package: letltxmacro 2010/09/02 v1.4 Let assignment for LaTeX macros (HO)
Package: hopatch 2012/05/28 v1.2 Wrapper for package hooks (HO)
Package: xcolor-patch 2011/01/30 xcolor patch
Package: atveryend 2011/06/30 v1.8 Hooks at the very end of document (HO)
Package atveryend Info: \enddocument detected (standard20110627).
Package: atbegshi 2011/10/05 v1.16 At begin shipout hook (HO)
Package: refcount 2011/10/16 v3.4 Data extraction from label references (HO)
Package: hycolor 2011/01/30 v1.7 Color options for hyperref/bookmark (HO)
)
(/usr/share/texlive/texmf-dist/tex/generic/ifxetex/ifxetex.sty
Package: ifxetex 2010/09/12 v0.6 Provides ifxetex conditional
)
(/usr/share/texlive/texmf-dist/tex/latex/oberdiek/auxhook.sty
Package: auxhook 2011/03/04 v1.3 Hooks for auxiliary files (HO)
)
(/usr/share/texlive/texmf-dist/tex/latex/oberdiek/kvoptions.sty
Package: kvoptions 2011/06/30 v3.11 Key value format for package options (HO)
)
\@linkdim=\dimen116
\Hy@linkcounter=\count99
\Hy@pagecounter=\count100

(/usr/share/texlive/texmf-dist/tex/latex/hyperref/pd1enc.def
File: pd1enc.def 2012/11/06 v6.83m Hyperref: PDFDocEncoding definition (HO)
)
\Hy@SavedSpaceFactor=\count101

(/usr/share/texlive/texmf-dist/tex/latex/latexconfig/hyperref.cfg
File: hyperref.cfg 2002/06/06 v1.2 hyperref configuration of TeXLive
)
Package hyperref Info: Hyper figures OFF on input line 4443.
Package hyperref Info: Link nesting OFF on input line 4448.
Package hyperref Info: Hyper index ON on input line 4451.
Package hyperref Info: Plain pages OFF on input line 4458.
Package hyperref Info: Backreferencing OFF on input line 4463.
Package hyperref Info: Implicit mode ON; LaTeX internals redefined.
Package hyperref Info: Bookmarks ON on input line 4688.
\c@Hy@tempcnt=\count102
LaTeX Info: Redefining \url on input line 5041.
\XeTeXLinkMargin=\dimen117
\Fld@menulength=\count103
\Field@Width=\dimen118
\Fld@charsize=\dimen119
Package hyperref Info: Hyper figures OFF on input line 6295.
Package hyperref Info: Link nesting OFF on input line 6300.
Package hyperref Info: Hyper index ON on input line 6303.
Package hyperref Info: backreferencing OFF on input line 6310.
Package hyperref Info: Link coloring OFF on input line 6315.
Package hyperref Info: Link coloring with OCG OFF on input line 6320.
Package hyperref Info: PDF/A mode OFF on input line 6325.
LaTeX Info: Redefining \ref on input line 6365.
LaTeX Info: Redefining \pageref on input line 6369.
\Hy@abspage=\count104
\c@Item=\count105
\c@Hfootnote=\count106
)

Package hyperref Message: Driver (autodetected): hpdftex.

(/usr/share/texlive/texmf-dist/tex/latex/hyperref/hpdftex.def
File: hpdftex.def 2012/11/06 v6.83m Hyperref driver for pdfTeX
\Fld@listcount=\count107
\c@bookmark@seq@number=\count108

(/usr/share/texlive/texmf-dist/tex/latex/oberdiek/rerunfilecheck.sty
Package: rerunfilecheck 2011/04/15 v1.7 Rerun checks for auxiliary files (HO)
Package uniquecounter Info: New unique counter `rerunfilecheck' on input line 2
82.
)
\Hy@SectionHShift=\skip54
)
Package hyperref Info: Option `colorlinks' set `true' on input line 23.

(/usr/share/texlive/texmf-dist/tex/latex/listings/lstlang1.sty
File: lstlang1.sty 2015/06/04 1.6 listings language file
)
(/usr/share/texlive/texmf-dist/tex/latex/listings/lstlang1.sty
File: lstlang1.sty 2015/06/04 1.6 listings language file
)
(/usr/share/texlive/texmf-dist/tex/latex/listings/lstmisc.sty
File: lstmisc.sty 2015/06/04 1.6 (Carsten Heinz)
)
(./Research Report.aux)
\openout1 = `"Research Report.aux"'.

LaTeX Font Info:    Checking defaults for OML/cmm/m/it on input line 37.
LaTeX Font Info:    ... okay on input line 37.
LaTeX Font Info:    Checking defaults for T1/cmr/m/n on input line 37.
LaTeX Font Info:    ... okay on input line 37.
LaTeX Font Info:    Checking defaults for OT1/cmr/m/n on input line 37.
LaTeX Font Info:    ... okay on input line 37.
LaTeX Font Info:    Checking defaults for OMS/cmsy/m/n on input line 37.
LaTeX Font Info:    ... okay on input line 37.
LaTeX Font Info:    Checking defaults for OMX/cmex/m/n on input line 37.
LaTeX Font Info:    ... okay on input line 37.
LaTeX Font Info:    Checking defaults for U/cmr/m/n on input line 37.
LaTeX Font Info:    ... okay on input line 37.
LaTeX Font Info:    Checking defaults for PD1/pdf/m/n on input line 37.
LaTeX Font Info:    ... okay on input line 37.
LaTeX Font Info:    Try loading font information for OT1+ptm on input line 37.

(/usr/share/texlive/texmf-dist/tex/latex/psnfss/ot1ptm.fd
File: ot1ptm.fd 2001/06/04 font definitions for OT1/ptm.
)
Package caption Info: Begin \AtBeginDocument code.
Package caption Info: hyperref package is loaded.
Package caption Info: listings package is loaded.
Package caption Info: End \AtBeginDocument code.

(/usr/share/texlive/texmf-dist/tex/context/base/supp-pdf.mkii
[Loading MPS to PDF converter (version 2006.09.02).]
\scratchcounter=\count109
\scratchdimen=\dimen120
\scratchbox=\box30
\nofMPsegments=\count110
\nofMParguments=\count111
\everyMPshowfont=\toks18
\MPscratchCnt=\count112
\MPscratchDim=\dimen121
\MPnumerator=\count113
\makeMPintoPDFobject=\count114
\everyMPtoPDFconversion=\toks19
) (/usr/share/texlive/texmf-dist/tex/latex/oberdiek/epstopdf-base.sty
Package: epstopdf-base 2010/02/09 v2.5 Base part for package epstopdf

(/usr/share/texlive/texmf-dist/tex/latex/oberdiek/grfext.sty
Package: grfext 2010/08/19 v1.1 Manage graphics extensions (HO)
)
Package grfext Info: Graphics extension search list:
(grfext)             [.png,.pdf,.jpg,.mps,.jpeg,.jbig2,.jb2,.PNG,.PDF,.JPG,.JPE
G,.JBIG2,.JB2,.eps]
(grfext)             \AppendGraphicsExtensions on input line 452.

(/usr/share/texlive/texmf-dist/tex/latex/latexconfig/epstopdf-sys.cfg
File: epstopdf-sys.cfg 2010/07/13 v1.3 Configuration of (r)epstopdf for TeX Liv
e
))
\c@lstlisting=\count115
\AtBeginShipoutBox=\box31
Package hyperref Info: Link coloring ON on input line 37.

(/usr/share/texlive/texmf-dist/tex/latex/hyperref/nameref.sty
Package: nameref 2012/10/27 v2.43 Cross-referencing by name of section

(/usr/share/texlive/texmf-dist/tex/generic/oberdiek/gettitlestring.sty
Package: gettitlestring 2010/12/03 v1.4 Cleanup title references (HO)
)
\c@section@level=\count116
)
LaTeX Info: Redefining \ref on input line 37.
LaTeX Info: Redefining \pageref on input line 37.
LaTeX Info: Redefining \nameref on input line 37.

(./Research Report.out) (./Research Report.out)
\@outlinefile=\write3
\openout3 = `"Research Report.out"'.

LaTeX Font Info:    Font shape `OT1/ptm/bx/n' in size <24.88> not available
(Font)              Font shape `OT1/ptm/b/n' tried instead on input line 43.

<Pictures/carlow.png, id=237, 266.9975pt x 144.54pt>
File: Pictures/carlow.png Graphic file (type png)
 <use Pictures/carlow.png>
Package pdftex.def Info: Pictures/carlow.png used on input line 63.
(pdftex.def)             Requested size: 186.89696pt x 101.17729pt.

[1

{/var/lib/texmf/fonts/map/pdftex/updmap/pdftex.map} <./Pictures/carlow.png>]
LaTeX Font Info:    Font shape `OT1/ptm/bx/n' in size <17.28> not available
(Font)              Font shape `OT1/ptm/b/n' tried instead on input line 69.

(./Research Report.toc
LaTeX Font Info:    Font shape `OT1/ptm/bx/n' in size <12> not available
(Font)              Font shape `OT1/ptm/b/n' tried instead on input line 1.
LaTeX Font Info:    External font `cmex10' loaded for size
(Font)              <12> on input line 4.
LaTeX Font Info:    External font `cmex10' loaded for size
(Font)              <8> on input line 4.
LaTeX Font Info:    External font `cmex10' loaded for size
(Font)              <6> on input line 4.


Package Fancyhdr Warning: \headheight is too small (12.0pt): 
 Make it at least 14.49998pt.
 We now make it that large for the rest of the document.
 This may cause the page layout to be inconsistent, however.

pdfTeX warning (ext4): destination with the same identifier (name{page.i}) has 
been already used, duplicate ignored
<to be read again> 
                   \relax 
l.35 ...umberline {5}STM Libraries}{25}{section.5}
                                                   [1])
\tf@toc=\write4
\openout4 = `"Research Report.toc"'.

 [2]
Underfull \hbox (badness 10000) in paragraph at lines 77--78

 []


Underfull \hbox (badness 10000) in paragraph at lines 79--80

 []


Underfull \hbox (badness 10000) in paragraph at lines 81--82

 []


Underfull \hbox (badness 10000) in paragraph at lines 83--84

 []

[1

]
Underfull \hbox (badness 10000) in paragraph at lines 85--86

 []


Underfull \hbox (badness 10000) in paragraph at lines 87--88

 []

LaTeX Font Info:    Font shape `OT1/ptm/bx/n' in size <14.4> not available
(Font)              Font shape `OT1/ptm/b/n' tried instead on input line 93.

Underfull \hbox (badness 10000) in paragraph at lines 94--95

 []


<Pictures/Concurrency_multicore-multithreada.png, id=378, 368.1253pt x 227.3493
8pt>
File: Pictures/Concurrency_multicore-multithreada.png Graphic file (type png)
 <use Pictures/Concurrency_multicore-multithreada.png>
Package pdftex.def Info: Pictures/Concurrency_multicore-multithreada.png used o
n input line 100.
(pdftex.def)             Requested size: 184.0622pt x 113.67441pt.


LaTeX Warning: `!h' float specifier changed to `!ht'.

Missing character: There is no â in font ptmr7t!
Missing character: There is no € in font ptmr7t!
Missing character: There is no ™ in font ptmr7t!
Missing character: There is no â in font ptmr7t!
Missing character: There is no € in font ptmr7t!
Missing character: There is no ™ in font ptmr7t!
Missing character: There is no â in font ptmr7t!
Missing character: There is no € in font ptmr7t!
Missing character: There is no ™ in font ptmr7t!
Missing character: There is no â in font ptmr7t!
Missing character: There is no € in font ptmr7t!
Missing character: There is no ™ in font ptmr7t!
[2]
Underfull \hbox (badness 10000) in paragraph at lines 109--110

 []

[3 <./Pictures/Concurrency_multicore-multithreada.png>]
<Pictures/single_core.png, id=394, 301.125pt x 273.02pt>
File: Pictures/single_core.png Graphic file (type png)

<use Pictures/single_core.png>
Package pdftex.def Info: Pictures/single_core.png used on input line 114.
(pdftex.def)             Requested size: 155.99762pt x 141.44214pt.

<Pictures/multi_core.png, id=397, 301.125pt x 273.02pt>
File: Pictures/multi_core.png Graphic file (type png)

<use Pictures/multi_core.png>
Package pdftex.def Info: Pictures/multi_core.png used on input line 119.
(pdftex.def)             Requested size: 155.99762pt x 141.44214pt.

<Pictures/concurrent_vs_parallel.png, id=400, 877.2775pt x 250.9375pt>
File: Pictures/concurrent_vs_parallel.png Graphic file (type png)

<use Pictures/concurrent_vs_parallel.png>
Package pdftex.def Info: Pictures/concurrent_vs_parallel.png used on input line
 131.
(pdftex.def)             Requested size: 263.18527pt x 75.28181pt.


LaTeX Warning: `!h' float specifier changed to `!ht'.

Missing character: There is no â in font ptmr7t!
Missing character: There is no € in font ptmr7t!
Missing character: There is no ™ in font ptmr7t!

Underfull \hbox (badness 10000) in paragraph at lines 135--136

 []


Underfull \hbox (badness 10000) in paragraph at lines 138--139

 []

[4 <./Pictures/single_core.png> <./Pictures/multi_core.png>]
<Pictures/single_multi_thread.png, id=410, 602.25pt x 424.58624pt>
File: Pictures/single_multi_thread.png Graphic file (type png)

<use Pictures/single_multi_thread.png>
Package pdftex.def Info: Pictures/single_multi_thread.png used on input line 14
2.
(pdftex.def)             Requested size: 301.12425pt x 212.2926pt.


LaTeX Warning: `!h' float specifier changed to `!ht'.


Underfull \hbox (badness 10000) in paragraph at lines 146--147

 []


Underfull \hbox (badness 10000) in paragraph at lines 146--147

 []


Overfull \hbox (14.67188pt too wide) in paragraph at lines 149--150
\OT1/ptm/m/n/12 de-sign, that de-rives to new is-sues and re-quire cre-at-ing l
ocks on shared vari-ables/mem-
 []

[5 <./Pictures/concurrent_vs_parallel.png>]
<Pictures/issue1.png, id=421, 328.22626pt x 269.005pt>
File: Pictures/issue1.png Graphic file (type png)

<use Pictures/issue1.png>
Package pdftex.def Info: Pictures/issue1.png used on input line 154.
(pdftex.def)             Requested size: 155.99762pt x 127.85257pt.
 <Pictures/issue2.png, id=424, 337.26pt x 256.96pt>
File: Pictures/issue2.png Graphic file (type png)

<use Pictures/issue2.png>
Package pdftex.def Info: Pictures/issue2.png used on input line 159.
(pdftex.def)             Requested size: 155.99762pt x 118.85782pt.
 [6 <./Pictures/single_multi_thread.png> <./Pictures/issue1.png> <./Pictures/is
sue2.png>]
<Pictures/deadlock.png, id=435, 401.5pt x 245.91875pt>
File: Pictures/deadlock.png Graphic file (type png)

<use Pictures/deadlock.png>
Package pdftex.def Info: Pictures/deadlock.png used on input line 175.
(pdftex.def)             Requested size: 200.7495pt x 122.95906pt.
 [7 <./Pictures/deadlock.png>]
<Pictures/livelock.png, id=445, 311.66437pt x 199.49532pt>
File: Pictures/livelock.png Graphic file (type png)

<use Pictures/livelock.png>
Package pdftex.def Info: Pictures/livelock.png used on input line 184.
(pdftex.def)             Requested size: 155.8318pt x 99.7474pt.

Overfull \hbox (3.52103pt too wide) in paragraph at lines 189--190
[]\OT1/ptm/m/n/12 Starvation is the state when some threads are mak-ing progres
s, but other threads
 []

<Pictures/starvation.jpg, id=448, 401.5pt x 225.84375pt>
File: Pictures/starvation.jpg Graphic file (type jpg)

<use Pictures/starvation.jpg>
Package pdftex.def Info: Pictures/starvation.jpg used on input line 193.
(pdftex.def)             Requested size: 240.90184pt x 135.50728pt.
 [8 <./Pictures/livelock.png> <./Pictures/starvation.jpg>]
Underfull \hbox (badness 10000) in paragraph at lines 202--203

 []


Underfull \hbox (badness 10000) in paragraph at lines 204--206

 []


Underfull \hbox (badness 10000) in paragraph at lines 207--209

 []


Underfull \hbox (badness 10000) in paragraph at lines 210--212

 []


Underfull \hbox (badness 10000) in paragraph at lines 217--218

 []


Underfull \hbox (badness 10000) in paragraph at lines 219--221

 []

[9

]
Overfull \hbox (0.24849pt too wide) in paragraph at lines 228--230
\OT1/ptm/m/n/12 client ap-pli-ca-tions. How-ever, con-cur-rent pro-gram-ming wi
th locks and semaphores
 []


Underfull \hbox (badness 10000) in paragraph at lines 228--230

 []


Underfull \hbox (badness 10000) in paragraph at lines 231--232

 []


Underfull \hbox (badness 10000) in paragraph at lines 233--235

 []


Underfull \hbox (badness 10000) in paragraph at lines 247--248

 []

[10

]
Underfull \hbox (badness 10000) in paragraph at lines 249--250

 []

<Pictures/realLife.png, id=478, 1285.80376pt x 281.05pt>
File: Pictures/realLife.png Graphic file (type png)

<use Pictures/realLife.png>
Package pdftex.def Info: Pictures/realLife.png used on input line 253.
(pdftex.def)             Requested size: 385.74411pt x 84.31564pt.

Underfull \hbox (badness 10000) in paragraph at lines 258--259

 []


Underfull \hbox (badness 10000) in paragraph at lines 260--261

 []

[11 <./Pictures/realLife.png>]
Overfull \hbox (3.01694pt too wide) in paragraph at lines 263--264
[]\OT1/ptm/m/n/12 The con-cur-rency con-trol mech-a-nism sim-i-lar to the datab
ase trans-ac-tions, where
 []

<Pictures/lockvsatomicjpg.png, id=489, 1344.02126pt x 441.65pt>
File: Pictures/lockvsatomicjpg.png Graphic file (type png)

<use Pictures/lockvsatomicjpg.png>
Package pdftex.def Info: Pictures/lockvsatomicjpg.png used on input line 267.
(pdftex.def)             Requested size: 268.79948pt x 88.32843pt.

Underfull \hbox (badness 10000) in paragraph at lines 274--275

 []

[12 <./Pictures/lockvsatomicjpg.png>]
<Pictures/rollback.png, id=500, 355.3275pt x 467.7475pt>
File: Pictures/rollback.png Graphic file (type png)

<use Pictures/rollback.png>
Package pdftex.def Info: Pictures/rollback.png used on input line 278.
(pdftex.def)             Requested size: 106.59906pt x 140.32532pt.

Underfull \hbox (badness 10000) in paragraph at lines 290--291

 []

<Pictures/STM.png, id=504, 319.1925pt x 245.91875pt>
File: Pictures/STM.png Graphic file (type png)
 <use Pictures/STM.png>
Package pdftex.def Info: Pictures/STM.png used on input line 294.
(pdftex.def)             Requested size: 127.67473pt x 98.36575pt.


LaTeX Warning: `!h' float specifier changed to `!ht'.


Underfull \hbox (badness 10000) in paragraph at lines 298--299

 []

<Pictures/STMtwoThreads.png, id=507, 360.34625pt x 398.48875pt>
File: Pictures/STMtwoThreads.png Graphic file (type png)

<use Pictures/STMtwoThreads.png>
Package pdftex.def Info: Pictures/STMtwoThreads.png used on input line 302.
(pdftex.def)             Requested size: 90.08633pt x 99.62193pt.


LaTeX Warning: `!h' float specifier changed to `!ht'.


Underfull \hbox (badness 10000) in paragraph at lines 307--308

 []

[13 <./Pictures/rollback.png>]
<Pictures/STMRollback.png, id=522, 420.57124pt x 334.24875pt>
File: Pictures/STMRollback.png Graphic file (type png)

<use Pictures/STMRollback.png>
Package pdftex.def Info: Pictures/STMRollback.png used on input line 320.
(pdftex.def)             Requested size: 336.45746pt x 267.39935pt.


LaTeX Warning: `!h' float specifier changed to `!ht'.


Underfull \hbox (badness 10000) in paragraph at lines 326--327

 []

[14 <./Pictures/STM.png> <./Pictures/STMtwoThreads.png>]
Underfull \hbox (badness 10000) in paragraph at lines 329--330

 []


Underfull \hbox (badness 10000) in paragraph at lines 331--332

 []

[15 <./Pictures/STMRollback.png>]
Underfull \hbox (badness 10000) in paragraph at lines 336--337

 []


Underfull \hbox (badness 10000) in paragraph at lines 338--339

 []


Underfull \hbox (badness 10000) in paragraph at lines 340--341

 []


Underfull \hbox (badness 10000) in paragraph at lines 342--343

 []


Underfull \hbox (badness 10000) in paragraph at lines 344--345

 []


Underfull \hbox (badness 10000) in paragraph at lines 347--348

 []

[16]
Underfull \hbox (badness 10000) in paragraph at lines 349--350

 []

LaTeX Font Info:    Try loading font information for OMS+ptm on input line 364.

(/usr/share/texlive/texmf-dist/tex/latex/psnfss/omsptm.fd
File: omsptm.fd 
)
LaTeX Font Info:    Font shape `OMS/ptm/m/n' in size <10> not available
(Font)              Font shape `OMS/cmsy/m/n' tried instead on input line 364.
LaTeX Font Info:    External font `cmex10' loaded for size
(Font)              <7> on input line 372.
LaTeX Font Info:    External font `cmex10' loaded for size
(Font)              <5> on input line 372.
 [17]
LaTeX Font Info:    Font shape `OT1/ptm/bx/n' in size <10> not available
(Font)              Font shape `OT1/ptm/b/n' tried instead on input line 386.

Underfull \hbox (badness 10000) in paragraph at lines 390--396

 []

LaTeX Font Info:    Try loading font information for OML+ptm on input line 402.

(/usr/share/texlive/texmf-dist/tex/latex/psnfss/omlptm.fd
File: omlptm.fd 
)
LaTeX Font Info:    Font shape `OML/ptm/m/n' in size <10> not available
(Font)              Font shape `OML/cmm/m/it' tried instead on input line 402.

Underfull \hbox (badness 10000) in paragraph at lines 406--409

 []


Underfull \hbox (badness 10000) in paragraph at lines 410--411

 []


Underfull \hbox (badness 10000) in paragraph at lines 413--414

 []

[18]
Underfull \hbox (badness 10000) in paragraph at lines 429--433

 []


Underfull \hbox (badness 10000) in paragraph at lines 435--437

 []


Underfull \hbox (badness 10000) in paragraph at lines 449--453

 []


Underfull \hbox (badness 10000) in paragraph at lines 449--453

 []


Underfull \hbox (badness 10000) in paragraph at lines 454--455

 []

[19]
Underfull \hbox (badness 10000) in paragraph at lines 511--512

 []


Underfull \hbox (badness 10000) in paragraph at lines 513--514

 []

[20]
Underfull \hbox (badness 10000) in paragraph at lines 515--516

 []


Underfull \hbox (badness 10000) in paragraph at lines 517--518

 []


Underfull \hbox (badness 10000) in paragraph at lines 519--520

 []


Underfull \hbox (badness 10000) in paragraph at lines 530--532

 []


Underfull \hbox (badness 10000) in paragraph at lines 534--536

 []

[21]
Overfull \hbox (0.77538pt too wide) in paragraph at lines 597--598
\OT1/ptm/m/n/12 Atomically per-forms bit-wise OR be-tween the ar-gu-ment and th
e value of the atomic
 []


Underfull \hbox (badness 10000) in paragraph at lines 601--602

 []

[22] [23]
Underfull \hbox (badness 10000) in paragraph at lines 653--654

 []

[24]
Overfull \hbox (47.94653pt too wide) in paragraph at lines 696--699
\OT1/ptm/m/n/12 Running make com-piles tinySTM and puts a static li-brary file 
at /tinySTM-0.9.9/lib/libstm.a.
 []


Overfull \hbox (0.40442pt too wide) in paragraph at lines 708--710
\OT1/ptm/m/it/12 trans-ac-tional sys-tem which is de-vel-oped and main-tained a
t sun micro-systems.\OT1/ptm/m/n/12 [[]]
 []

[25

]
Underfull \hbox (badness 10000) in paragraph at lines 715--716

 []

[26]
Underfull \hbox (badness 10000) in paragraph at lines 733--735

 []


Underfull \hbox (badness 10000) in paragraph at lines 760--761

 []

[27]
Underfull \hbox (badness 10000) in paragraph at lines 762--763

 []


Underfull \hbox (badness 10000) in paragraph at lines 765--766

 []


Underfull \hbox (badness 10000) in paragraph at lines 779--780

 []

[28]
LaTeX Font Info:    Font shape `OMS/ptm/m/n' in size <12> not available
(Font)              Font shape `OMS/cmsy/m/n' tried instead on input line 786.

Overfull \hbox (27.53403pt too wide) in paragraph at lines 794--795
[]\OT1/ptm/m/n/12 Object Ori-ented Class Li-braries : Col-lec-tion of Classes a
nd in-her-ited functions.[[]] 
 []

[29] [30] [31]
Overfull \hbox (1.90492pt too wide) in paragraph at lines 890--891
[]\OT1/ptm/m/n/12 The Lo-cal-iza-tion li-brary, in-cludes in-ter-na-tion-al-iza
-tion sup-port for char-
 []


Overfull \hbox (27.22469pt too wide) in paragraph at lines 906--907
[]\OT1/ptm/m/n/12 Dynamic mem-ory man-age-ment, smart point-ers en-able au-to-m
atic, exception-
 []

[32]
Underfull \hbox (badness 10000) in paragraph at lines 941--942

 []

[33]
Underfull \hbox (badness 10000) in paragraph at lines 970--972

 []


Underfull \hbox (badness 10000) in paragraph at lines 973--975

 []


Underfull \hbox (badness 10000) in paragraph at lines 976--977

 []

[34] <Pictures/qtcreator.jpg, id=934, 481.8pt x 261.22594pt>
File: Pictures/qtcreator.jpg Graphic file (type jpg)

<use Pictures/qtcreator.jpg>
Package pdftex.def Info: Pictures/qtcreator.jpg used on input line 980.
(pdftex.def)             Requested size: 240.8994pt x 130.61264pt.
 [35 <./Pictures/qtcreator.jpg>]
Underfull \hbox (badness 10000) in paragraph at lines 1011--1012

 []

<Pictures/visualStudio.png, id=952, 481.8pt x 301.125pt>
File: Pictures/visualStudio.png Graphic file (type png)

<use Pictures/visualStudio.png>
Package pdftex.def Info: Pictures/visualStudio.png used on input line 1015.
(pdftex.def)             Requested size: 240.8994pt x 150.56212pt.
 [36 <./Pictures/visualStudio.png>]
Underfull \hbox (badness 10000) in paragraph at lines 1038--1039

 []

<Pictures/netbeans.png, id=970, 632.3625pt x 442.65375pt>
File: Pictures/netbeans.png Graphic file (type png)

<use Pictures/netbeans.png>
Package pdftex.def Info: Pictures/netbeans.png used on input line 1042.
(pdftex.def)             Requested size: 316.18048pt x 221.32632pt.


LaTeX Warning: `!h' float specifier changed to `!ht'.


Underfull \hbox (badness 10000) in paragraph at lines 1061--1062

 []

[37] <Pictures/emacs.png, id=995, 724.7075pt x 656.4525pt>
File: Pictures/emacs.png Graphic file (type png)

<use Pictures/emacs.png>
Package pdftex.def Info: Pictures/emacs.png used on input line 1065.
(pdftex.def)             Requested size: 362.35286pt x 328.22545pt.


LaTeX Warning: `!h' float specifier changed to `!ht'.

[38 <./Pictures/netbeans.png>]
Underfull \hbox (badness 10000) in paragraph at lines 1092--1093

 []

[39 <./Pictures/emacs.png>]
Underfull \hbox (badness 10000) in paragraph at lines 1094--1095

 []


Underfull \hbox (badness 10000) in paragraph at lines 1096--1097

 []


Underfull \hbox (badness 10000) in paragraph at lines 1098--1099

 []

[40]
Underfull \hbox (badness 10000) in paragraph at lines 1127--1128

 []

[41]
Underfull \hbox (badness 10000) in paragraph at lines 1133--1134

 []

[42]
Underfull \hbox (badness 10000) in paragraph at lines 1141--1142

 []


Underfull \hbox (badness 10000) in paragraph at lines 1148--1149

 []


Underfull \hbox (badness 10000) in paragraph at lines 1150--1151

 []


Underfull \hbox (badness 10000) in paragraph at lines 1153--1154

 []

[43

] [44] (./Research Report.bbl
LaTeX Font Info:    Try loading font information for OT1+pcr on input line 7.

(/usr/share/texlive/texmf-dist/tex/latex/psnfss/ot1pcr.fd
File: ot1pcr.fd 2001/06/04 font definitions for OT1/pcr.
)
Underfull \hbox (badness 7186) in paragraph at lines 4--9
[]\OT1/ptm/m/n/12 M. Am-gad, E. H. Has-san, S. Khlid, G. Mina, and G. Mo-
 []


Underfull \hbox (badness 10000) in paragraph at lines 4--9
\OT1/ptm/m/n/12 hamed.  Soft-ware Trans-ac-tional Mem-ory (STM).  [][]$\OT1/pcr
/m/n/12 https :
 []


Underfull \hbox (badness 10000) in paragraph at lines 4--9
\OT1/pcr/m/n/12 / / www . cs . purdue . edu / homes / amadkour / presentations 
/
 []


Underfull \hbox (badness 10000) in paragraph at lines 4--9
\OT1/pcr/m/n/12 SoftwareTransactionalMemory . pdf$[][]\OT1/ptm/m/n/12 .  2017, 
(Ac-cessed :
 []


Underfull \hbox (badness 10000) in paragraph at lines 17--22
\OT1/pcr/m/n/12 questions / 11255640 / what -[] is -[] transactional -[] memory
$[][]\OT1/ptm/m/n/12 .
 []


Underfull \hbox (badness 10000) in paragraph at lines 24--29
\OT1/pcr/m/n/12 realworldhaskell . org / read / software -[] transactional -[]
 []


Underfull \hbox (badness 3930) in paragraph at lines 31--36
[]\OT1/ptm/m/n/12 K. Chris-tos.  Par-al-lel Com-puter Ar-chi-tec-ture and Pro-g
ram-ming .
 []


Underfull \hbox (badness 10000) in paragraph at lines 31--36
[][]$\OT1/pcr/m/n/12 http : / / www . cs . cmu . edu / afs / cs / academic / cl
ass / 15418 -[]
 []


Underfull \hbox (badness 2057) in paragraph at lines 44--48
[]\OT1/ptm/m/n/12 cppreference.  C++ Stan-dard Li-brary header files.  [][]$\OT
1/pcr/m/n/12 http : / / en .
 []


Underfull \hbox (badness 10000) in paragraph at lines 50--54
[]\OT1/ptm/m/n/12 H. Cristo-pher.  Free C/C++ Com-pil-ers.  [][]$\OT1/pcr/m/n/1
2 https : / / www .
 []


Underfull \hbox (badness 5908) in paragraph at lines 50--54
\OT1/pcr/m/n/12 thefreecountry . com / compilers / cpp . shtml$[][]\OT1/ptm/m/n
/12 .  2017, (Ac-
 []


Underfull \hbox (badness 2229) in paragraph at lines 56--61
[]\OT1/ptm/m/n/12 G. Crowd.  Best In-te-grated De-vel-op-ment En-vi-ron-ment (I
DE) Soft-
 []


Underfull \hbox (badness 1189) in paragraph at lines 63--67
[]\OT1/ptm/m/n/12 B. David.  List of Free C and C++ Com-pil-ers.  [][]$\OT1/pcr
/m/n/12 https : / / www .
 []

[45]
Underfull \hbox (badness 3492) in paragraph at lines 82--86
[]\OT1/ptm/m/n/12 Q. Doc-u-men-ta-tion.  Qt Doc-u-men-ta-tion.  [][]$\OT1/pcr/m
/n/12 http : / / doc . qt . io /
 []


Underfull \hbox (badness 1490) in paragraph at lines 88--93
[]\OT1/ptm/m/n/12 R. Flo-rian.  Asyn-chronous mod-els and pat-terns.  [][]$\OT1
/pcr/m/n/12 https : / / www .
 []


Underfull \hbox (badness 10000) in paragraph at lines 88--93
\OT1/pcr/m/n/12 codeproject . com / Articles / 562021 / Asynchronous -[]
 []


Underfull \hbox (badness 2134) in paragraph at lines 101--105
[]\OT1/ptm/m/n/12 GNU.  A Guided Tour of Emacs.  [][]$ \OT1/pcr/m/n/12 https : 
/ / www . gnu . org /
 []


Underfull \hbox (badness 2717) in paragraph at lines 107--112
[]\OT1/ptm/m/n/12 R. Grimm.  Trans-ac-tional Mem-ory in C++20.  [][]$\OT1/pcr/m
/n/12 https : / / www .
 []


Underfull \hbox (badness 10000) in paragraph at lines 107--112
\OT1/pcr/m/n/12 linkedin . com / pulse / transactional -[] memory -[] c20 -[]
 []


Underfull \hbox (badness 10000) in paragraph at lines 120--125
\OT1/pcr/m/n/12 / / java91 . blogspot . ie / 2017 / 01 / what -[] is -[] starva
tion -[]
 []


Underfull \hbox (badness 3536) in paragraph at lines 135--139
[]\OT1/ptm/m/n/12 J. Jakob.  Java Con-cur-rency / Mul-ti-thread-ing Tu-to-rial.
  [][]$\OT1/pcr/m/n/12 http :
 []


Underfull \hbox (badness 10000) in paragraph at lines 135--139
\OT1/pcr/m/n/12 / / tutorials . jenkov . com / java -[] concurrency / index . h
tml$[][]\OT1/ptm/m/n/12 .
 []


Underfull \hbox (badness 10000) in paragraph at lines 141--146
[]\OT1/ptm/m/n/12 JIghtuse.  Trans-ac-tional Mem-ory: His-tory and De-vel-op-me
nt.
 []


Underfull \hbox (badness 10000) in paragraph at lines 141--146
[][]$\OT1/pcr/m/n/12 https : / / kukuruku . co / post / transactional -[] memor
y -[]
 []

[46]
Underfull \hbox (badness 10000) in paragraph at lines 148--152
[]\OT1/ptm/m/n/12 E. Kasper.  A Soft-ware Trans-ac-tional Mem-ory Li-brary for
 []


Underfull \hbox (badness 10000) in paragraph at lines 148--152
\OT1/ptm/m/n/12 C++.  [][]$\OT1/pcr/m/n/12 http : / / www . diku . dk / forskni
ng / performance -[]
 []


Underfull \hbox (badness 10000) in paragraph at lines 154--159
\OT1/pcr/m/n/12 colorado . edu / []kena / classes / 5828 / s12 / lectures / 19 
-[]
 []


Underfull \hbox (badness 10000) in paragraph at lines 161--166
\OT1/pcr/m/n/12 net / 2009 / 09 / getting -[] started -[] with -[] tinystm -[] 
ubuntu -[] 9 -[]
 []


Underfull \hbox (badness 10000) in paragraph at lines 174--179
\OT1/pcr/m/n/12 article / all -[] about -[] multi -[] core -[] processors -[] w
hat -[] they -[]
 []

Missing character: There is no â in font ptmr7t!
Missing character: There is no € in font ptmr7t!
Missing character: There is no ™ in font ptmr7t!

Underfull \hbox (badness 10000) in paragraph at lines 187--192
[]\OT1/ptm/m/n/12 P. Nick and Z. Julie.  Thread and Semaphores Ex-am-ples.
 []


Underfull \hbox (badness 10000) in paragraph at lines 187--192
[][]$\OT1/pcr/m/n/12 https : / / see . stanford . edu / materials / icsppcs107 
/ 23 -[]
 []


Underfull \hbox (badness 1546) in paragraph at lines 194--199
\OT1/ptm/m/n/12 cepts.  [][]$\OT1/pcr/m/n/12 http : / / nikgrozev . com / 2015 
/ 07 / 14 / overview -[] of -[]
 []


Underfull \hbox (badness 10000) in paragraph at lines 201--206
\OT1/pcr/m/n/12 students / 08hs -[] saurer -[] libstm . pdf$[][]\OT1/ptm/m/n/12
 .  2008, (Ac-cessed :
 []

Missing character: There is no â in font ptmr7t!
Missing character: There is no € in font ptmr7t!
Missing character: There is no ˜ in font ptmr7t!
Missing character: There is no â in font ptmr7t!
Missing character: There is no € in font ptmr7t!
Missing character: There is no ™ in font ptmr7t!

Underfull \hbox (badness 1005) in paragraph at lines 208--214
\OT1/ptm/m/n/12 ate QT Ap-pli-ca-tions .  [][]$\OT1/pcr/m/n/12 http : / / open 
-[] tube . com / the -[] top -[] qt -[]
 []


Underfull \hbox (badness 10000) in paragraph at lines 208--214
\OT1/pcr/m/n/12 ide -[] qt -[] creator -[] provides -[] easy -[] ways -[] to -[
] create -[] qt -[]
 []

[47]
Underfull \hbox (badness 4279) in paragraph at lines 228--232
[]\OT1/ptm/m/n/12 N. org.  Net-beans IDE fea-tures.  [][]$\OT1/pcr/m/n/12 https
 : / / netbeans . org /
 []


Underfull \hbox (badness 2671) in paragraph at lines 240--245
[]\OT1/ptm/m/n/12 J. Paul.  Javare-vis-ited.  [][]$\OT1/pcr/m/n/12 http : / / j
avarevisited . blogspot .
 []


Underfull \hbox (badness 10000) in paragraph at lines 240--245
\OT1/pcr/m/n/12 ie / 2010 / 10 / what -[] is -[] deadlock -[] in -[] java -[] h
ow -[] to -[] fix -[]
 []


Underfull \hbox (badness 10000) in paragraph at lines 254--259
\OT1/pcr/m/n/12 com / What -[] is -[] the -[] difference -[] between -[] gcc -[
] cc -[] and -[] g + +$[][]\OT1/ptm/m/n/12 .
 []


Underfull \hbox (badness 10000) in paragraph at lines 261--266
[]\OT1/ptm/m/n/12 S. Si-tansu.  What is star-va-tion in Thread ?.  [][]$\OT1/pc
r/m/n/12 http : / /
 []


Underfull \hbox (badness 10000) in paragraph at lines 261--266
\OT1/pcr/m/n/12 www . installsetupconfig . com / win32programming /
 []


Underfull \hbox (badness 10000) in paragraph at lines 261--266
\OT1/pcr/m/n/12 threadprocesssynchronizationapis11 _ 10 . html$[][]\OT1/ptm/m/n
/12 .  2017,
 []


Underfull \hbox (badness 6001) in paragraph at lines 268--273
[]\OT1/ptm/m/n/12 S. Swarup.  What are the key new fea-tures in the C++ 14
 []


Underfull \hbox (badness 3386) in paragraph at lines 268--273
\OT1/ptm/m/n/12 stan-dard?  [][]$\OT1/pcr/m/n/12 https : / / www . quora . com 
/ What -[] are -[] the -[] key -[]
 []


Underfull \hbox (badness 10000) in paragraph at lines 275--280
[]\OT1/ptm/m/n/12 Techopedia.  C++ Pro-gram-ming Lan-guage.  [][]$\OT1/pcr/m/n/
12 https : / / www .
 []


Underfull \hbox (badness 10000) in paragraph at lines 275--280
\OT1/pcr/m/n/12 techopedia . com / definition / 26184 / c -[] programming -[]
 []

[48]
Underfull \hbox (badness 10000) in paragraph at lines 282--287
\OT1/pcr/m/n/12 id . pt / []mcouceiro / eurotm / finalevent2015 / riegel . pdf$
[][]\OT1/ptm/m/n/12 .
 []


Underfull \hbox (badness 10000) in paragraph at lines 289--294
[]\OT1/ptm/m/n/12 Tutorialspoint.  C++ Stan-dard Li-brary.  [][]$\OT1/pcr/m/n/1
2 https : / / www .
 []


Underfull \hbox (badness 10000) in paragraph at lines 289--294
\OT1/pcr/m/n/12 tutorialspoint . com / cplusplus / cpp _ standard _ library .
 []


Underfull \hbox (badness 10000) in paragraph at lines 296--301
[]\OT1/ptm/m/n/12 Tutorialspoint.  Op-er-at-ing Sys-tem Multi-Threading.  [][]$
\OT1/pcr/m/n/12 https :
 []


Underfull \hbox (badness 10000) in paragraph at lines 296--301
\OT1/pcr/m/n/12 / / www . tutorialspoint . com / operating _ systemos _ multi _

 []


Underfull \hbox (badness 1946) in paragraph at lines 303--308
[]\OT1/ptm/m/n/12 T. Va-sude-van.  Mul-ti-core CPUs and the con-cur-rency chang
es they
 []


Underfull \hbox (badness 4108) in paragraph at lines 310--314
[]\OT1/ptm/m/n/12 R. M. Volk-mann.  Soft-ware Trans-ac-tional Mem-ory.  [][]$\O
T1/pcr/m/n/12 http : / /
 []

)
Package atveryend Info: Empty hook `BeforeClearDocument' on input line 1166.
 [49]
Package atveryend Info: Empty hook `AfterLastShipout' on input line 1166.
 (./Research Report.aux)
Package atveryend Info: Executing hook `AtVeryEndDocument' on input line 1166.
Package atveryend Info: Executing hook `AtEndAfterFileList' on input line 1166.

Package rerunfilecheck Info: File `"Research Report".out' has not changed.
(rerunfilecheck)             Checksum: 577412B964424492EDBF5FC339D3F29D;3958.
Package atveryend Info: Empty hook `AtVeryVeryEnd' on input line 1166.
 )
(\end occurred inside a group at level 1)

### simple group (level 1) entered at line 764 ({)
### bottom level 
Here is how much of TeX's memory you used:
 9583 strings out of 493029
 142644 string characters out of 6136235
 264222 words of memory out of 5000000
 12512 multiletter control sequences out of 15000+600000
 26250 words of font info for 50 fonts, out of 8000000 for 9000
 1141 hyphenation exceptions out of 8191
 36i,14n,58p,1493b,1769s stack positions out of 5000i,500n,10000p,200000b,80000s
{/usr/share/texlive/texmf-dist/fonts/enc/dvips/base/8r.enc}</us
r/share/texlive/texmf-dist/fonts/type1/public/amsfonts/cm/cmmi10.pfb></usr/shar
e/texlive/texmf-dist/fonts/type1/public/amsfonts/cm/cmsy10.pfb></usr/share/texl
ive/texmf-dist/fonts/type1/urw/courier/ucrr8a.pfb></usr/share/texlive/texmf-dis
t/fonts/type1/urw/times/utmb8a.pfb></usr/share/texlive/texmf-dist/fonts/type1/u
rw/times/utmr8a.pfb></usr/share/texlive/texmf-dist/fonts/type1/urw/times/utmri8
a.pfb>
Output written on "Research Report.pdf" (52 pages, 1143944 bytes).
PDF statistics:
 1327 PDF objects out of 1440 (max. 8388607)
 1207 compressed objects within 13 object streams
 484 named destinations out of 1000 (max. 500000)
 570 words of extra memory for PDF output out of 10000 (max. 10000000)

