This is pdfTeX, Version 3.14159265-2.6-1.40.16 (TeX Live 2015/Debian) (preloaded format=pdflatex 2017.10.21)  19 NOV 2017 11:23
entering extended mode
 restricted \write18 enabled.
 %&-line parsing enabled.
**"Design manual.tex"
(./Design manual.tex
LaTeX2e <2016/02/01>
Babel <3.9q> and hyphenation patterns for 81 language(s) loaded.
(/usr/share/texlive/texmf-dist/tex/latex/base/article.cls
Document Class: article 2014/09/29 v1.4h Standard LaTeX document class
(/usr/share/texlive/texmf-dist/tex/latex/base/size12.clo
File: size12.clo 2014/09/29 v1.4h Standard LaTeX file (size option)
)
\c@part=\count79
\c@section=\count80
\c@subsection=\count81
\c@subsubsection=\count82
\c@paragraph=\count83
\c@subparagraph=\count84
\c@figure=\count85
\c@table=\count86
\abovecaptionskip=\skip41
\belowcaptionskip=\skip42
\bibindent=\dimen102
)
(/usr/share/texlive/texmf-dist/tex/latex/float/float.sty
Package: float 2001/11/08 v1.3d Float enhancements (AL)
\c@float@type=\count87
\float@exts=\toks14
\float@box=\box26
\@float@everytoks=\toks15
\@floatcapt=\box27
)
(/usr/share/texlive/texmf-dist/tex/latex/caption/caption.sty
Package: caption 2016/02/21 v3.3-144 Customizing captions (AR)

(/usr/share/texlive/texmf-dist/tex/latex/caption/caption3.sty
Package: caption3 2016/02/04 v1.7-139 caption3 kernel (AR)
Package caption3 Info: TeX engine: e-TeX on input line 67.

(/usr/share/texlive/texmf-dist/tex/latex/graphics/keyval.sty
Package: keyval 2014/10/28 v1.15 key=value parser (DPC)
\KV@toks@=\toks16
)
\captionmargin=\dimen103
\captionmargin@=\dimen104
\captionwidth=\dimen105
\caption@tempdima=\dimen106
\caption@indent=\dimen107
\caption@parindent=\dimen108
\caption@hangindent=\dimen109
)
\c@ContinuedFloat=\count88
Package caption Info: float package is loaded.
)
(/usr/share/texlive/texmf-dist/tex/latex/psnfss/times.sty
Package: times 2005/04/12 PSNFSS-v9.2a (SPQR) 
)
(/usr/share/texlive/texmf-dist/tex/latex/natbib/natbib.sty
Package: natbib 2010/09/13 8.31b (PWD, AO)
\bibhang=\skip43
\bibsep=\skip44
LaTeX Info: Redefining \cite on input line 694.
\c@NAT@ctr=\count89
)
(/usr/share/texlive/texmf-dist/tex/latex/graphics/graphicx.sty
Package: graphicx 2014/10/28 v1.0g Enhanced LaTeX Graphics (DPC,SPQR)

(/usr/share/texlive/texmf-dist/tex/latex/graphics/graphics.sty
Package: graphics 2016/01/03 v1.0q Standard LaTeX Graphics (DPC,SPQR)

(/usr/share/texlive/texmf-dist/tex/latex/graphics/trig.sty
Package: trig 2016/01/03 v1.10 sin cos tan (DPC)
)
(/usr/share/texlive/texmf-dist/tex/latex/latexconfig/graphics.cfg
File: graphics.cfg 2010/04/23 v1.9 graphics configuration of TeX Live
)
Package graphics Info: Driver file: pdftex.def on input line 95.

(/usr/share/texlive/texmf-dist/tex/latex/pdftex-def/pdftex.def
File: pdftex.def 2011/05/27 v0.06d Graphics/color for pdfTeX

(/usr/share/texlive/texmf-dist/tex/generic/oberdiek/infwarerr.sty
Package: infwarerr 2010/04/08 v1.3 Providing info/warning/error messages (HO)
)
(/usr/share/texlive/texmf-dist/tex/generic/oberdiek/ltxcmds.sty
Package: ltxcmds 2011/11/09 v1.22 LaTeX kernel commands for general use (HO)
)
\Gread@gobject=\count90
))
\Gin@req@height=\dimen110
\Gin@req@width=\dimen111
)
(/usr/share/texlive/texmf-dist/tex/latex/placeins/placeins.sty
Package: placeins 2005/04/18  v 2.2
)
(/usr/share/texlive/texmf-dist/tex/latex/tools/indentfirst.sty
Package: indentfirst 1995/11/23 v1.03 Indent first paragraph (DPC)
)
(/usr/share/texlive/texmf-dist/tex/latex/fancyhdr/fancyhdr.sty
\fancy@headwidth=\skip45
\f@ncyO@elh=\skip46
\f@ncyO@erh=\skip47
\f@ncyO@olh=\skip48
\f@ncyO@orh=\skip49
\f@ncyO@elf=\skip50
\f@ncyO@erf=\skip51
\f@ncyO@olf=\skip52
\f@ncyO@orf=\skip53
)
(/usr/share/texlive/texmf-dist/tex/latex/xcolor/xcolor.sty
Package: xcolor 2007/01/21 v2.11 LaTeX color extensions (UK)

(/usr/share/texlive/texmf-dist/tex/latex/latexconfig/color.cfg
File: color.cfg 2007/01/18 v1.5 color configuration of teTeX/TeXLive
)
Package xcolor Info: Driver file: pdftex.def on input line 225.
Package xcolor Info: Model `cmy' substituted by `cmy0' on input line 1337.
Package xcolor Info: Model `hsb' substituted by `rgb' on input line 1341.
Package xcolor Info: Model `RGB' extended on input line 1353.
Package xcolor Info: Model `HTML' substituted by `rgb' on input line 1355.
Package xcolor Info: Model `Hsb' substituted by `hsb' on input line 1356.
Package xcolor Info: Model `tHsb' substituted by `hsb' on input line 1357.
Package xcolor Info: Model `HSB' substituted by `hsb' on input line 1358.
Package xcolor Info: Model `Gray' substituted by `gray' on input line 1359.
Package xcolor Info: Model `wave' substituted by `hsb' on input line 1360.
)
(/usr/share/texlive/texmf-dist/tex/latex/listings/listings.sty
\lst@mode=\count91
\lst@gtempboxa=\box28
\lst@token=\toks17
\lst@length=\count92
\lst@currlwidth=\dimen112
\lst@column=\count93
\lst@pos=\count94
\lst@lostspace=\dimen113
\lst@width=\dimen114
\lst@newlines=\count95
\lst@lineno=\count96
\lst@maxwidth=\dimen115

(/usr/share/texlive/texmf-dist/tex/latex/listings/lstmisc.sty
File: lstmisc.sty 2015/06/04 1.6 (Carsten Heinz)
\c@lstnumber=\count97
\lst@skipnumbers=\count98
\lst@framebox=\box29
)
(/usr/share/texlive/texmf-dist/tex/latex/listings/listings.cfg
File: listings.cfg 2015/06/04 1.6 listings configuration
))
Package: listings 2015/06/04 1.6 (Carsten Heinz)

(/usr/share/texlive/texmf-dist/tex/latex/url/url.sty
\Urlmuskip=\muskip10
Package: url 2013/09/16  ver 3.4  Verb mode for urls, etc.
)
(/usr/share/texlive/texmf-dist/tex/latex/hyperref/hyperref.sty
Package: hyperref 2012/11/06 v6.83m Hypertext links for LaTeX

(/usr/share/texlive/texmf-dist/tex/generic/oberdiek/hobsub-hyperref.sty
Package: hobsub-hyperref 2012/05/28 v1.13 Bundle oberdiek, subset hyperref (HO)


(/usr/share/texlive/texmf-dist/tex/generic/oberdiek/hobsub-generic.sty
Package: hobsub-generic 2012/05/28 v1.13 Bundle oberdiek, subset generic (HO)
Package: hobsub 2012/05/28 v1.13 Construct package bundles (HO)
Package hobsub Info: Skipping package `infwarerr' (already loaded).
Package hobsub Info: Skipping package `ltxcmds' (already loaded).
Package: ifluatex 2010/03/01 v1.3 Provides the ifluatex switch (HO)
Package ifluatex Info: LuaTeX not detected.
Package: ifvtex 2010/03/01 v1.5 Detect VTeX and its facilities (HO)
Package ifvtex Info: VTeX not detected.
Package: intcalc 2007/09/27 v1.1 Expandable calculations with integers (HO)
Package: ifpdf 2011/01/30 v2.3 Provides the ifpdf switch (HO)
Package ifpdf Info: pdfTeX in PDF mode is detected.
Package: etexcmds 2011/02/16 v1.5 Avoid name clashes with e-TeX commands (HO)
Package etexcmds Info: Could not find \expanded.
(etexcmds)             That can mean that you are not using pdfTeX 1.50 or
(etexcmds)             that some package has redefined \expanded.
(etexcmds)             In the latter case, load this package earlier.
Package: kvsetkeys 2012/04/25 v1.16 Key value parser (HO)
Package: kvdefinekeys 2011/04/07 v1.3 Define keys (HO)
Package: pdftexcmds 2011/11/29 v0.20 Utility functions of pdfTeX for LuaTeX (HO
)
Package pdftexcmds Info: LuaTeX not detected.
Package pdftexcmds Info: \pdf@primitive is available.
Package pdftexcmds Info: \pdf@ifprimitive is available.
Package pdftexcmds Info: \pdfdraftmode found.
Package: pdfescape 2011/11/25 v1.13 Implements pdfTeX's escape features (HO)
Package: bigintcalc 2012/04/08 v1.3 Expandable calculations on big integers (HO
)
Package: bitset 2011/01/30 v1.1 Handle bit-vector datatype (HO)
Package: uniquecounter 2011/01/30 v1.2 Provide unlimited unique counter (HO)
)
Package hobsub Info: Skipping package `hobsub' (already loaded).
Package: letltxmacro 2010/09/02 v1.4 Let assignment for LaTeX macros (HO)
Package: hopatch 2012/05/28 v1.2 Wrapper for package hooks (HO)
Package: xcolor-patch 2011/01/30 xcolor patch
Package: atveryend 2011/06/30 v1.8 Hooks at the very end of document (HO)
Package atveryend Info: \enddocument detected (standard20110627).
Package: atbegshi 2011/10/05 v1.16 At begin shipout hook (HO)
Package: refcount 2011/10/16 v3.4 Data extraction from label references (HO)
Package: hycolor 2011/01/30 v1.7 Color options for hyperref/bookmark (HO)
)
(/usr/share/texlive/texmf-dist/tex/generic/ifxetex/ifxetex.sty
Package: ifxetex 2010/09/12 v0.6 Provides ifxetex conditional
)
(/usr/share/texlive/texmf-dist/tex/latex/oberdiek/auxhook.sty
Package: auxhook 2011/03/04 v1.3 Hooks for auxiliary files (HO)
)
(/usr/share/texlive/texmf-dist/tex/latex/oberdiek/kvoptions.sty
Package: kvoptions 2011/06/30 v3.11 Key value format for package options (HO)
)
\@linkdim=\dimen116
\Hy@linkcounter=\count99
\Hy@pagecounter=\count100

(/usr/share/texlive/texmf-dist/tex/latex/hyperref/pd1enc.def
File: pd1enc.def 2012/11/06 v6.83m Hyperref: PDFDocEncoding definition (HO)
)
\Hy@SavedSpaceFactor=\count101

(/usr/share/texlive/texmf-dist/tex/latex/latexconfig/hyperref.cfg
File: hyperref.cfg 2002/06/06 v1.2 hyperref configuration of TeXLive
)
Package hyperref Info: Hyper figures OFF on input line 4443.
Package hyperref Info: Link nesting OFF on input line 4448.
Package hyperref Info: Hyper index ON on input line 4451.
Package hyperref Info: Plain pages OFF on input line 4458.
Package hyperref Info: Backreferencing OFF on input line 4463.
Package hyperref Info: Implicit mode ON; LaTeX internals redefined.
Package hyperref Info: Bookmarks ON on input line 4688.
\c@Hy@tempcnt=\count102
LaTeX Info: Redefining \url on input line 5041.
\XeTeXLinkMargin=\dimen117
\Fld@menulength=\count103
\Field@Width=\dimen118
\Fld@charsize=\dimen119
Package hyperref Info: Hyper figures OFF on input line 6295.
Package hyperref Info: Link nesting OFF on input line 6300.
Package hyperref Info: Hyper index ON on input line 6303.
Package hyperref Info: backreferencing OFF on input line 6310.
Package hyperref Info: Link coloring OFF on input line 6315.
Package hyperref Info: Link coloring with OCG OFF on input line 6320.
Package hyperref Info: PDF/A mode OFF on input line 6325.
LaTeX Info: Redefining \ref on input line 6365.
LaTeX Info: Redefining \pageref on input line 6369.
\Hy@abspage=\count104
\c@Item=\count105
\c@Hfootnote=\count106
)

Package hyperref Message: Driver (autodetected): hpdftex.

(/usr/share/texlive/texmf-dist/tex/latex/hyperref/hpdftex.def
File: hpdftex.def 2012/11/06 v6.83m Hyperref driver for pdfTeX
\Fld@listcount=\count107
\c@bookmark@seq@number=\count108

(/usr/share/texlive/texmf-dist/tex/latex/oberdiek/rerunfilecheck.sty
Package: rerunfilecheck 2011/04/15 v1.7 Rerun checks for auxiliary files (HO)
Package uniquecounter Info: New unique counter `rerunfilecheck' on input line 2
82.
)
\Hy@SectionHShift=\skip54
)
Package hyperref Info: Option `colorlinks' set `true' on input line 23.

(/usr/share/texlive/texmf-dist/tex/latex/listings/lstlang1.sty
File: lstlang1.sty 2015/06/04 1.6 listings language file
)
(/usr/share/texlive/texmf-dist/tex/latex/listings/lstmisc.sty
File: lstmisc.sty 2015/06/04 1.6 (Carsten Heinz)
)
(./Design manual.aux)
\openout1 = `"Design manual.aux"'.

LaTeX Font Info:    Checking defaults for OML/cmm/m/it on input line 38.
LaTeX Font Info:    ... okay on input line 38.
LaTeX Font Info:    Checking defaults for T1/cmr/m/n on input line 38.
LaTeX Font Info:    ... okay on input line 38.
LaTeX Font Info:    Checking defaults for OT1/cmr/m/n on input line 38.
LaTeX Font Info:    ... okay on input line 38.
LaTeX Font Info:    Checking defaults for OMS/cmsy/m/n on input line 38.
LaTeX Font Info:    ... okay on input line 38.
LaTeX Font Info:    Checking defaults for OMX/cmex/m/n on input line 38.
LaTeX Font Info:    ... okay on input line 38.
LaTeX Font Info:    Checking defaults for U/cmr/m/n on input line 38.
LaTeX Font Info:    ... okay on input line 38.
LaTeX Font Info:    Checking defaults for PD1/pdf/m/n on input line 38.
LaTeX Font Info:    ... okay on input line 38.
LaTeX Font Info:    Try loading font information for OT1+ptm on input line 38.
 (/usr/share/texlive/texmf-dist/tex/latex/psnfss/ot1ptm.fd
File: ot1ptm.fd 2001/06/04 font definitions for OT1/ptm.
)
Package caption Info: Begin \AtBeginDocument code.
Package caption Info: hyperref package is loaded.
Package caption Info: listings package is loaded.
Package caption Info: End \AtBeginDocument code.
 (/usr/share/texlive/texmf-dist/tex/context/base/supp-pdf.mkii
[Loading MPS to PDF converter (version 2006.09.02).]
\scratchcounter=\count109
\scratchdimen=\dimen120
\scratchbox=\box30
\nofMPsegments=\count110
\nofMParguments=\count111
\everyMPshowfont=\toks18
\MPscratchCnt=\count112
\MPscratchDim=\dimen121
\MPnumerator=\count113
\makeMPintoPDFobject=\count114
\everyMPtoPDFconversion=\toks19
) (/usr/share/texlive/texmf-dist/tex/latex/oberdiek/epstopdf-base.sty
Package: epstopdf-base 2010/02/09 v2.5 Base part for package epstopdf

(/usr/share/texlive/texmf-dist/tex/latex/oberdiek/grfext.sty
Package: grfext 2010/08/19 v1.1 Manage graphics extensions (HO)
)
Package grfext Info: Graphics extension search list:
(grfext)             [.png,.pdf,.jpg,.mps,.jpeg,.jbig2,.jb2,.PNG,.PDF,.JPG,.JPE
G,.JBIG2,.JB2,.eps]
(grfext)             \AppendGraphicsExtensions on input line 452.

(/usr/share/texlive/texmf-dist/tex/latex/latexconfig/epstopdf-sys.cfg
File: epstopdf-sys.cfg 2010/07/13 v1.3 Configuration of (r)epstopdf for TeX Liv
e
))
\c@lstlisting=\count115
\AtBeginShipoutBox=\box31
Package hyperref Info: Link coloring ON on input line 38.

(/usr/share/texlive/texmf-dist/tex/latex/hyperref/nameref.sty
Package: nameref 2012/10/27 v2.43 Cross-referencing by name of section

(/usr/share/texlive/texmf-dist/tex/generic/oberdiek/gettitlestring.sty
Package: gettitlestring 2010/12/03 v1.4 Cleanup title references (HO)
)
\c@section@level=\count116
)
LaTeX Info: Redefining \ref on input line 38.
LaTeX Info: Redefining \pageref on input line 38.
LaTeX Info: Redefining \nameref on input line 38.

(./Design manual.out) (./Design manual.out)
\@outlinefile=\write3
\openout3 = `"Design manual.out"'.

LaTeX Font Info:    Font shape `OT1/ptm/bx/n' in size <24.88> not available
(Font)              Font shape `OT1/ptm/b/n' tried instead on input line 44.

<Pictures/carlow.png, id=156, 266.9975pt x 144.54pt>
File: Pictures/carlow.png Graphic file (type png)
 <use Pictures/carlow.png>
Package pdftex.def Info: Pictures/carlow.png used on input line 64.
(pdftex.def)             Requested size: 186.89696pt x 101.17729pt.

[1

{/var/lib/texmf/fonts/map/pdftex/updmap/pdftex.map} <./Pictures/carlow.png>]
LaTeX Font Info:    Font shape `OT1/ptm/bx/n' in size <17.28> not available
(Font)              Font shape `OT1/ptm/b/n' tried instead on input line 70.

(./Design manual.toc
LaTeX Font Info:    Font shape `OT1/ptm/bx/n' in size <12> not available
(Font)              Font shape `OT1/ptm/b/n' tried instead on input line 1.
LaTeX Font Info:    External font `cmex10' loaded for size
(Font)              <12> on input line 3.
LaTeX Font Info:    External font `cmex10' loaded for size
(Font)              <8> on input line 3.
LaTeX Font Info:    External font `cmex10' loaded for size
(Font)              <6> on input line 3.


Package Fancyhdr Warning: \headheight is too small (12.0pt): 
 Make it at least 14.49998pt.
 We now make it that large for the rest of the document.
 This may cause the page layout to be inconsistent, however.

pdfTeX warning (ext4): destination with the same identifier (name{page.i}) has 
been already used, duplicate ignored
<to be read again> 
                   \relax 
l.35 ...{5}System sequence diagram}{22}{section.5}
                                                   [1])
\tf@toc=\write4
\openout4 = `"Design manual.toc"'.

 [2]
Underfull \hbox (badness 10000) in paragraph at lines 83--84

 []


Underfull \hbox (badness 10000) in paragraph at lines 85--86

 []

[1

]
LaTeX Font Info:    Font shape `OT1/ptm/bx/n' in size <14.4> not available
(Font)              Font shape `OT1/ptm/b/n' tried instead on input line 92.

Underfull \hbox (badness 10000) in paragraph at lines 93--94

 []

<Pictures/transformation.png, id=257, 552.0625pt x 441.65pt>
File: Pictures/transformation.png Graphic file (type png)

<use Pictures/transformation.png>
Package pdftex.def Info: Pictures/transformation.png used on input line 97.
(pdftex.def)             Requested size: 276.03056pt x 220.82445pt.
 [2 <./Pictures/transformation.png (PNG copy)>] <Pictures/flowDiagram.png, id=2
63, 722.7pt x 853.1875pt>
File: Pictures/flowDiagram.png Graphic file (type png)

<use Pictures/flowDiagram.png>
Package pdftex.def Info: Pictures/flowDiagram.png used on input line 105.
(pdftex.def)             Requested size: 361.3491pt x 426.59271pt.

Underfull \hbox (badness 10000) in paragraph at lines 109--110

 []

[3 <./Pictures/flowDiagram.png (PNG copy)>]
Underfull \hbox (badness 10000) in paragraph at lines 111--112

 []

[4]
Underfull \hbox (badness 10000) in paragraph at lines 117--118

 []

LaTeX Font Info:    Font shape `OT1/ptm/bx/n' in size <6> not available
(Font)              Font shape `OT1/ptm/b/n' tried instead on input line 122.
LaTeX Font Info:    Try loading font information for OML+ptm on input line 122.

(/usr/share/texlive/texmf-dist/tex/latex/psnfss/omlptm.fd
File: omlptm.fd 
)
LaTeX Font Info:    Font shape `OML/ptm/m/n' in size <6> not available
(Font)              Font shape `OML/cmm/m/it' tried instead on input line 122.
LaTeX Font Info:    Try loading font information for OMS+ptm on input line 131.


(/usr/share/texlive/texmf-dist/tex/latex/psnfss/omsptm.fd
File: omsptm.fd 
)
LaTeX Font Info:    Font shape `OMS/ptm/m/n' in size <6> not available
(Font)              Font shape `OMS/cmsy/m/n' tried instead on input line 131.
LaTeX Font Info:    External font `cmex10' loaded for size
(Font)              <5> on input line 137.
LaTeX Font Info:    Font shape `OMS/ptm/m/it' in size <6> not available
(Font)              Font shape `OMS/cmsy/m/n' tried instead on input line 161.
 [5]
Overfull \hbox (27.60425pt too wide) in paragraph at lines 219--220
[][][][][][][][][][][][][][][][][][][][][][][][][][][][][][][][][][][][][][][][
] 
 []

[6] [7] [8] <Pictures/usecase.png, id=551, 602.25pt x 602.25pt>
File: Pictures/usecase.png Graphic file (type png)

<use Pictures/usecase.png>
Package pdftex.def Info: Pictures/usecase.png used on input line 431.
(pdftex.def)             Requested size: 210.79065pt x 210.79065pt.

Underfull \hbox (badness 10000) in paragraph at lines 437--440

 []


Underfull \hbox (badness 10000) in paragraph at lines 441--444

 []

[9 <./Pictures/usecase.png (PNG copy)>]
Underfull \hbox (badness 10000) in paragraph at lines 445--448

 []


Underfull \hbox (badness 10000) in paragraph at lines 449--452

 []


Underfull \hbox (badness 10000) in paragraph at lines 453--456

 []

[10]
Underfull \hbox (badness 10000) in paragraph at lines 457--460

 []


Underfull \hbox (badness 10000) in paragraph at lines 461--464

 []


Underfull \hbox (badness 10000) in paragraph at lines 465--468

 []

[11]
Underfull \hbox (badness 10000) in paragraph at lines 469--473

 []

[12]
Underfull \hbox (badness 10000) in paragraph at lines 486--488

 []

<Pictures/create.png, id=570, 672.5125pt x 341.275pt>
File: Pictures/create.png Graphic file (type png)

<use Pictures/create.png>
Package pdftex.def Info: Pictures/create.png used on input line 491.
(pdftex.def)             Requested size: 269.00023pt x 136.50757pt.
 [13 <./Pictures/create.png (PNG copy)>]
<Pictures/destroy.png, id=580, 662.475pt x 311.1625pt>
File: Pictures/destroy.png Graphic file (type png)

<use Pictures/destroy.png>
Package pdftex.def Info: Pictures/destroy.png used on input line 511.
(pdftex.def)             Requested size: 331.2367pt x 155.58087pt.
 [14 <./Pictures/destroy.png (PNG copy)>]
Underfull \hbox (badness 10000) in paragraph at lines 526--528

 []

<Pictures/start.png, id=595, 672.5125pt x 361.35pt>
File: Pictures/start.png Graphic file (type png)
 <use Pictures/start.png>
Package pdftex.def Info: Pictures/start.png used on input line 531.
(pdftex.def)             Requested size: 336.25542pt x 180.67456pt.

[15 <./Pictures/start.png (PNG copy)>]
Underfull \hbox (badness 10000) in paragraph at lines 546--548

 []

<Pictures/startTransactions.png, id=606, 672.5125pt x 361.35pt>
File: Pictures/startTransactions.png Graphic file (type png)

<use Pictures/startTransactions.png>
Package pdftex.def Info: Pictures/startTransactions.png used on input line 551.

(pdftex.def)             Requested size: 336.25542pt x 180.67456pt.
 [16 <./Pictures/startTransactions.png (PNG copy)>]
Underfull \hbox (badness 10000) in paragraph at lines 568--573

 []

<Pictures/commit.png, id=619, 782.925pt x 451.6875pt>
File: Pictures/commit.png Graphic file (type png)

<use Pictures/commit.png>
Package pdftex.def Info: Pictures/commit.png used on input line 576.
(pdftex.def)             Requested size: 391.46155pt x 225.84319pt.

Overfull \hbox (1.46155pt too wide) in paragraph at lines 576--577
 [][] 
 []

[17 <./Pictures/commit.png (PNG copy)>]
Underfull \hbox (badness 10000) in paragraph at lines 594--599

 []

<Pictures/commitTransactions.png, id=628, 782.925pt x 451.6875pt>
File: Pictures/commitTransactions.png Graphic file (type png)

<use Pictures/commitTransactions.png>
Package pdftex.def Info: Pictures/commitTransactions.png used on input line 602
.
(pdftex.def)             Requested size: 234.8793pt x 135.5073pt.
 [18 <./Pictures/commitTransactions.png (PNG copy)>]
Underfull \hbox (badness 10000) in paragraph at lines 616--618

 []

<Pictures/load.png, id=642, 782.925pt x 371.3875pt>
File: Pictures/load.png Graphic file (type png)
 <use Pictures/load.png>
Package pdftex.def Info: Pictures/load.png used on input line 621.
(pdftex.def)             Requested size: 391.46155pt x 185.69328pt.

Overfull \hbox (1.46155pt too wide) in paragraph at lines 621--622
 [][] 
 []

[19 <./Pictures/load.png (PNG copy)>]
Underfull \hbox (badness 10000) in paragraph at lines 634--636

 []

<Pictures/store.png, id=652, 652.4375pt x 371.3875pt>
File: Pictures/store.png Graphic file (type png)
 <use Pictures/store.png>
Package pdftex.def Info: Pictures/store.png used on input line 639.
(pdftex.def)             Requested size: 326.21794pt x 185.69328pt.

Underfull \hbox (badness 10000) in paragraph at lines 652--654

 []

<Pictures/storeTransactions.png, id=653, 672.5125pt x 371.3875pt>
File: Pictures/storeTransactions.png Graphic file (type png)

<use Pictures/storeTransactions.png>
Package pdftex.def Info: Pictures/storeTransactions.png used on input line 657.

(pdftex.def)             Requested size: 336.25542pt x 185.69328pt.
 [20 <./Pictures/store.png (PNG copy)>]
[21 <./Pictures/storeTransactions.png (PNG copy)>]
<Pictures/sequence.png, id=669, 873.2625pt x 933.4875pt>
File: Pictures/sequence.png Graphic file (type png)

<use Pictures/sequence.png>
Package pdftex.def Info: Pictures/sequence.png used on input line 667.
(pdftex.def)             Requested size: 392.9645pt x 420.06549pt.

Overfull \hbox (2.9645pt too wide) in paragraph at lines 667--668
 [][] 
 []

[22 <./Pictures/sequence.png (PNG copy)>]
<Pictures/domainModel.png, id=676, 1063.975pt x 642.4pt>
File: Pictures/domainModel.png Graphic file (type png)

<use Pictures/domainModel.png>
Package pdftex.def Info: Pictures/domainModel.png used on input line 676.
(pdftex.def)             Requested size: 425.58246pt x 256.95544pt.

Overfull \hbox (35.58246pt too wide) in paragraph at lines 676--677
 [][] 
 []


Underfull \hbox (badness 10000) in paragraph at lines 681--683

 []

[23 <./Pictures/domainModel.png (PNG copy)>]
Underfull \hbox (badness 10000) in paragraph at lines 696--697

 []


Underfull \hbox (badness 10000) in paragraph at lines 698--704

 []


Underfull \hbox (badness 10000) in paragraph at lines 705--709

 []


Underfull \hbox (badness 10000) in paragraph at lines 710--715

 []


Underfull \hbox (badness 10000) in paragraph at lines 716--721

 []

[24]
Underfull \hbox (badness 10000) in paragraph at lines 733--734

 []


Overfull \hbox (1.52953pt too wide) in paragraph at lines 735--736
[]\OT1/ptm/m/n/12 Because this project de-vel-oped in an Ag-ile way, the de-scr
ibed func-tions, source
 []

Package atveryend Info: Empty hook `BeforeClearDocument' on input line 738.
[25]
Package atveryend Info: Empty hook `AfterLastShipout' on input line 738.
 (./Design manual.aux)
Package atveryend Info: Executing hook `AtVeryEndDocument' on input line 738.
Package atveryend Info: Executing hook `AtEndAfterFileList' on input line 738.
Package rerunfilecheck Info: File `"Design manual".out' has not changed.
(rerunfilecheck)             Checksum: 1979A199F95752ABA06D8C33076521B5;2633.
Package atveryend Info: Empty hook `AtVeryVeryEnd' on input line 738.
 ) 
Here is how much of TeX's memory you used:
 9139 strings out of 493029
 136328 string characters out of 6136233
 290308 words of memory out of 5000000
 12181 multiletter control sequences out of 15000+600000
 25735 words of font info for 48 fonts, out of 8000000 for 9000
 1141 hyphenation exceptions out of 8191
 36i,14n,49p,1244b,1741s stack positions out of 5000i,500n,10000p,200000b,80000s
{/usr/share/texlive/texmf-dist/fonts/enc/dvips/base/8r.enc}</usr/share/texliv
e/texmf-dist/fonts/type1/public/amsfonts/cm/cmmi6.pfb></usr/share/texlive/texmf
-dist/fonts/type1/public/amsfonts/cm/cmsy6.pfb></usr/share/texlive/texmf-dist/f
onts/type1/urw/times/utmb8a.pfb></usr/share/texlive/texmf-dist/fonts/type1/urw/
times/utmr8a.pfb></usr/share/texlive/texmf-dist/fonts/type1/urw/times/utmri8a.p
fb>
Output written on "Design manual.pdf" (28 pages, 423188 bytes).
PDF statistics:
 799 PDF objects out of 1000 (max. 8388607)
 740 compressed objects within 8 object streams
 388 named destinations out of 1000 (max. 500000)
 380 words of extra memory for PDF output out of 10000 (max. 10000000)

