\BOOKMARK [1][-]{section.1}{Introduction}{}% 1
\BOOKMARK [1][-]{section.2}{Model of the application}{}% 2
\BOOKMARK [2][-]{subsection.2.1}{Library integration to the client application}{section.2}% 3
\BOOKMARK [2][-]{subsection.2.2}{Flow diagram}{section.2}% 4
\BOOKMARK [1][-]{section.3}{API usage}{}% 5
\BOOKMARK [2][-]{subsection.3.1}{Create transaction}{section.3}% 6
\BOOKMARK [2][-]{subsection.3.2}{Destroy transaction}{section.3}% 7
\BOOKMARK [2][-]{subsection.3.3}{Start transaction}{section.3}% 8
\BOOKMARK [2][-]{subsection.3.4}{Commit transaction}{section.3}% 9
\BOOKMARK [2][-]{subsection.3.5}{Commit transactions}{section.3}% 10
\BOOKMARK [2][-]{subsection.3.6}{Load Transaction Object}{section.3}% 11
\BOOKMARK [2][-]{subsection.3.7}{Store transaction}{section.3}% 12
\BOOKMARK [2][-]{subsection.3.8}{Store transactions}{section.3}% 13
\BOOKMARK [1][-]{section.4}{Use case}{}% 14
\BOOKMARK [2][-]{subsection.4.1}{Brief case}{section.4}% 15
\BOOKMARK [3][-]{subsubsection.4.1.1}{Create transaction}{subsection.4.1}% 16
\BOOKMARK [3][-]{subsubsection.4.1.2}{Destroy transaction}{subsection.4.1}% 17
\BOOKMARK [3][-]{subsubsection.4.1.3}{Start transaction}{subsection.4.1}% 18
\BOOKMARK [3][-]{subsubsection.4.1.4}{Start transactions}{subsection.4.1}% 19
\BOOKMARK [3][-]{subsubsection.4.1.5}{Commit transaction}{subsection.4.1}% 20
\BOOKMARK [3][-]{subsubsection.4.1.6}{commit transactions}{subsection.4.1}% 21
\BOOKMARK [3][-]{subsubsection.4.1.7}{Load Transaction object}{subsection.4.1}% 22
\BOOKMARK [3][-]{subsubsection.4.1.8}{Store transaction}{subsection.4.1}% 23
\BOOKMARK [3][-]{subsubsection.4.1.9}{Store transactions}{subsection.4.1}% 24
\BOOKMARK [2][-]{subsection.4.2}{Detailed use case}{section.4}% 25
\BOOKMARK [3][-]{subsubsection.4.2.1}{Create transaction}{subsection.4.2}% 26
\BOOKMARK [3][-]{subsubsection.4.2.2}{Destroy transaction}{subsection.4.2}% 27
\BOOKMARK [3][-]{subsubsection.4.2.3}{Start transaction}{subsection.4.2}% 28
\BOOKMARK [3][-]{subsubsection.4.2.4}{Start transactions}{subsection.4.2}% 29
\BOOKMARK [3][-]{subsubsection.4.2.5}{Commit transaction}{subsection.4.2}% 30
\BOOKMARK [3][-]{subsubsection.4.2.6}{Commit transactions}{subsection.4.2}% 31
\BOOKMARK [3][-]{subsubsection.4.2.7}{Load transaction}{subsection.4.2}% 32
\BOOKMARK [3][-]{subsubsection.4.2.8}{Store transaction}{subsection.4.2}% 33
\BOOKMARK [3][-]{subsubsection.4.2.9}{Store transactions}{subsection.4.2}% 34
\BOOKMARK [1][-]{section.5}{System sequence diagram}{}% 35
\BOOKMARK [1][-]{section.6}{Domain model}{}% 36
\BOOKMARK [1][-]{section.7}{Testing the STM Library}{}% 37
\BOOKMARK [1][-]{section.8}{Conclusion}{}% 38
